[21:28:44.219][info] [#0:/Users/AlexandruDimian/.config/coc/extensions/coc-lua-data/lua-language-server/main.lua:68]: Lua Lsp startup, root: 	/Users/AlexandruDimian/.config/coc/extensions/coc-lua-data/lua-language-server
[21:28:44.220][info] [#0:/Users/AlexandruDimian/.config/coc/extensions/coc-lua-data/lua-language-server/main.lua:69]: ROOT:	/Users/AlexandruDimian/.config/coc/extensions/coc-lua-data/lua-language-server
[21:28:44.220][info] [#0:/Users/AlexandruDimian/.config/coc/extensions/coc-lua-data/lua-language-server/main.lua:70]: LOGPATH:	/Users/AlexandruDimian/.config/coc/extensions/coc-lua-data/lua-language-server/log
[21:28:44.220][info] [#0:/Users/AlexandruDimian/.config/coc/extensions/coc-lua-data/lua-language-server/main.lua:71]: METAPATH:	/Users/AlexandruDimian/.config/coc/extensions/coc-lua-data/lua-language-server/meta
[21:28:44.220][info] [#0:/Users/AlexandruDimian/.config/coc/extensions/coc-lua-data/lua-language-server/main.lua:72]: VERSION:	3.11.1
[21:28:44.240][info] [#0:script/proto/proto.lua:260]: Listen Mode: stdio
[21:28:44.240][info] [#0:script/service/service.lua:145]: 
========= Medical Examination Report =========
    --------------- Memory ---------------
        Total: 2.247 MB
        # 00 : 2.247 MB
        # 01 : 0.000 MB
        # 02 : 0.000 MB
        # 03 : 0.000 MB
        # 04 : 0.000 MB
    --------------- Coroutine ---------------
        Total:     0
        Running:   0
        Suspended: 0
        Normal:    0
        Dead:      0
    --------------- Cache ---------------
        Total: 1
        Dead:  0
    ---------------  RPC  ---------------
        Holdon:   0
        Waiting:  0
==============================================
[21:28:44.349][info] [#0:script/client.lua:657]: Client init	{
  capabilities = {
    general = {
      markdown = {
        parser = "marked",
        version = "7.0.5"
      },
      positionEncodings = { "utf-16" },
      regularExpressions = {
        engine = "ECMAScript",
        version = "ES2020"
      },
      staleRequestSupport = {
        cancel = true,
        retryOnContentModified = { "textDocument/inlayHint", "textDocument/semanticTokens/full", "textDocument/semanticTokens/range", "textDocument/semanticTokens/full/delta" }
      }
    },
    textDocument = {
      callHierarchy = {
        dynamicRegistration = true
      },
      codeAction = {
        codeActionLiteralSupport = {
          codeActionKind = {
            valueSet = { "", "quickfix", "refactor", "refactor.extract", "refactor.inline", "refactor.rewrite", "source", "source.organizeImports" }
          }
        },
        dataSupport = true,
        disabledSupport = true,
        dynamicRegistration = true,
        honorsChangeAnnotations = false,
        isPreferredSupport = true,
        resolveSupport = {
          properties = { "edit" }
        }
      },
      codeLens = {
        dynamicRegistration = true
      },
      colorProvider = {
        dynamicRegistration = true
      },
      completion = {
        completionItem = {
          commitCharactersSupport = true,
          deprecatedSupport = true,
          documentationFormat = { "markdown", "plaintext" },
          insertReplaceSupport = true,
          insertTextModeSupport = {
            valueSet = { 1, 2 }
          },
          labelDetailsSupport = true,
          preselectSupport = true,
          resolveSupport = {
            properties = { "documentation", "detail", "additionalTextEdits" }
          },
          snippetSupport = true,
          tagSupport = {
            valueSet = { 1 }
          }
        },
        completionItemKind = {
          valueSet = { 1, 2, 3, 4, 5, 6, 7, 8, 9, 10, 11, 12, 13, 14, 15, 16, 17, 18, 19, 20, 21, 22, 23, 24, 25 }
        },
        completionList = {
          itemDefaults = { "commitCharacters", "editRange", "insertTextFormat", "insertTextMode" }
        },
        contextSupport = true,
        dynamicRegistration = true,
        insertTextMode = 2
      },
      declaration = {
        dynamicRegistration = true,
        linkSupport = true
      },
      definition = {
        dynamicRegistration = true,
        linkSupport = true
      },
      diagnostic = {
        dynamicRegistration = true,
        relatedDocumentSupport = true
      },
      documentHighlight = {
        dynamicRegistration = true
      },
      documentLink = {
        dynamicRegistration = true,
        tooltipSupport = true
      },
      documentSymbol = {
        dynamicRegistration = true,
        hierarchicalDocumentSymbolSupport = true,
        labelSupport = true,
        symbolKind = {
          valueSet = { 1, 2, 3, 4, 5, 6, 7, 8, 9, 10, 11, 12, 13, 14, 15, 16, 17, 18, 19, 20, 21, 22, 23, 24, 25, 26 }
        },
        tagSupport = {
          valueSet = { 1 }
        }
      },
      foldingRange = {
        dynamicRegistration = true,
        foldingRange = {
          collapsedText = false
        },
        foldingRangeKind = {
          valueSet = { "comment", "imports", "region" }
        },
        lineFoldingOnly = true,
        rangeLimit = 5000
      },
      formatting = {
        dynamicRegistration = true
      },
      hover = {
        contentFormat = { "markdown", "plaintext" },
        dynamicRegistration = true
      },
      implementation = {
        dynamicRegistration = true,
        linkSupport = true
      },
      inlayHint = {
        dynamicRegistration = true,
        resolveSupport = {
          properties = { "tooltip", "textEdits", "label.tooltip", "label.location", "label.command" }
        }
      },
      inlineValue = {
        dynamicRegistration = true
      },
      linkedEditingRange = {
        dynamicRegistration = true
      },
      onTypeFormatting = {
        dynamicRegistration = true
      },
      publishDiagnostics = {
        codeDescriptionSupport = true,
        dataSupport = true,
        relatedInformation = true,
        tagSupport = {
          valueSet = { 1, 2 }
        },
        versionSupport = true
      },
      rangeFormatting = {
        dynamicRegistration = true
      },
      references = {
        dynamicRegistration = true
      },
      rename = {
        dynamicRegistration = true,
        honorsChangeAnnotations = true,
        prepareSupport = true,
        prepareSupportDefaultBehavior = 1
      },
      selectionRange = {
        dynamicRegistration = true
      },
      semanticTokens = {
        augmentsSyntaxTokens = true,
        dynamicRegistration = true,
        formats = { "relative" },
        multilineTokenSupport = false,
        overlappingTokenSupport = false,
        requests = {
          full = {
            delta = true
          },
          range = true
        },
        serverCancelSupport = true,
        tokenModifiers = { "declaration", "definition", "readonly", "static", "deprecated", "abstract", "async", "modification", "documentation", "defaultLibrary" },
        tokenTypes = { "namespace", "type", "class", "enum", "interface", "struct", "typeParameter", "parameter", "variable", "property", "enumMember", "event", "function", "method", "macro", "keyword", "modifier", "comment", "string", "number", "regexp", "decorator", "operator" }
      },
      signatureHelp = {
        contextSupport = true,
        dynamicRegistration = true,
        signatureInformation = {
          activeParameterSupport = true,
          documentationFormat = { "markdown", "plaintext" },
          parameterInformation = {
            labelOffsetSupport = true
          }
        }
      },
      synchronization = {
        didSave = true,
        dynamicRegistration = true,
        willSave = true,
        willSaveWaitUntil = true
      },
      typeDefinition = {
        dynamicRegistration = true,
        linkSupport = true
      },
      typeHierarchy = {
        dynamicRegistration = true
      }
    },
    window = {
      showDocument = {
        support = true
      },
      showMessage = {
        messageActionItem = {
          additionalPropertiesSupport = true
        }
      },
      workDoneProgress = true
    },
    workspace = {
      applyEdit = true,
      codeLens = {
        refreshSupport = true
      },
      configuration = true,
      diagnostics = {
        refreshSupport = true
      },
      didChangeConfiguration = {
        dynamicRegistration = true
      },
      didChangeWatchedFiles = {
        dynamicRegistration = true,
        relativePatternSupport = true
      },
      executeCommand = {
        dynamicRegistration = true
      },
      fileOperations = {
        didCreate = true,
        didDelete = true,
        didRename = true,
        dynamicRegistration = true,
        willCreate = true,
        willDelete = true,
        willRename = true
      },
      inlayHint = {
        refreshSupport = true
      },
      inlineValue = {
        refreshSupport = true
      },
      semanticTokens = {
        refreshSupport = true
      },
      symbol = {
        dynamicRegistration = true,
        resolveSupport = {
          properties = { "location.range" }
        },
        symbolKind = {
          valueSet = { 1, 2, 3, 4, 5, 6, 7, 8, 9, 10, 11, 12, 13, 14, 15, 16, 17, 18, 19, 20, 21, 22, 23, 24, 25, 26 }
        },
        tagSupport = {
          valueSet = { 1 }
        }
      },
      workspaceEdit = {
        changeAnnotationSupport = {
          groupsOnLabel = false
        },
        documentChanges = true,
        failureHandling = "undo",
        normalizesLineEndings = true,
        resourceOperations = { "create", "rename", "delete" }
      },
      workspaceFolders = true
    }
  },
  clientInfo = {
    name = "coc.nvim",
    version = "0.0.82"
  },
  initializationOptions = {
    changeConfiguration = true
  },
  locale = "en_US",
  processId = 69087,
  rootPath = "/Users/AlexandruDimian/github/foreign/nvim",
  rootUri = "file:///Users/AlexandruDimian/github/foreign/nvim",
  trace = "off",
  workDoneToken = "f1e608bb-f68a-4dfe-a13c-5909bab6ba0b",
  workspaceFolders = { {
      name = "nvim",
      uri = "file:///Users/AlexandruDimian/github/foreign/nvim"
    }, {
      name = "foreign",
      uri = "file:///Users/AlexandruDimian/github/foreign"
    } }
}
[21:28:44.349][info] [#0:script/language.lua:137]: VSC language: en_US
[21:28:44.349][info] [#0:script/language.lua:138]: LS  language: en-us
[21:28:44.349][info] [#0:script/workspace/workspace.lua:38]: Workspace init root: 	file:///Users/AlexandruDimian/github/foreign/nvim
[21:28:44.349][info] [#0:script/workspace/workspace.lua:42]: Log path: 	/Users/AlexandruDimian/.config/coc/extensions/coc-lua-data/lua-language-server/log/file_Users_AlexandruDimian_github_foreign_nvim.log
[21:28:44.350][info] [#0:script/workspace/workspace.lua:48]: Workspace create: 	file:///Users/AlexandruDimian/github/foreign/nvim
[21:28:44.350][info] [#0:script/workspace/workspace.lua:48]: Workspace create: 	file:///Users/AlexandruDimian/github/foreign
[21:28:44.670][info] [#0:script/provider/provider.lua:48]: Load config from client	file:///Users/AlexandruDimian/github/foreign/nvim
[21:28:44.671][info] [#0:script/provider/provider.lua:49]: {
  Lua = {
    addonManager = {
      enable = true
    },
    codeLens = {
      enable = false
    },
    completion = {
      autoRequire = true,
      callSnippet = "Disable",
      displayContext = 0,
      enable = true,
      keywordSnippet = "Replace",
      postfix = "@",
      requireSeparator = ".",
      showParams = true,
      showWord = "Fallback",
      workspaceWord = true
    },
    diagnostics = {
      disable = {},
      disableScheme = { "git" },
      enable = true,
      globals = { "vim" },
      ignoredFiles = "Opened",
      libraryFiles = "Opened",
      unusedLocalExclude = {},
      workspaceDelay = 3000,
      workspaceEvent = "OnSave",
      workspaceRate = 100
    },
    doc = {
      packageName = {},
      privateName = {},
      protectedName = {}
    },
    format = {
      defaultConfig = {},
      enable = true
    },
    hint = {
      arrayIndex = "Auto",
      await = true,
      enable = false,
      paramName = "All",
      paramType = true,
      semicolon = "SameLine",
      setType = false
    },
    hover = {
      enable = true,
      enumsLimit = 5,
      expandAlias = true,
      previewFields = 50,
      viewNumber = true,
      viewString = true,
      viewStringMax = 1000
    },
    misc = {
      executablePath = "",
      parameters = {}
    },
    runtime = {
      fileEncoding = "utf8",
      meta = "${version} ${language} ${encoding}",
      nonstandardSymbol = {},
      path = { "?.lua", "?/init.lua" },
      pathStrict = false,
      plugin = "",
      pluginArgs = {},
      special = {},
      unicodeName = false,
      version = "Lua 5.4"
    },
    semantic = {
      annotation = true,
      enable = true,
      keyword = false,
      variable = true
    },
    signatureHelp = {
      enable = true
    },
    spell = {
      dict = {}
    },
    type = {
      castNumberToInteger = true,
      weakNilCheck = false,
      weakUnionCheck = false
    },
    window = {
      progressBar = true,
      statusBar = true
    },
    workspace = {
      checkThirdParty = true,
      ignoreDir = { ".vscode" },
      ignoreSubmodules = true,
      library = {},
      maxPreload = 5000,
      preloadFileSize = 500,
      useGitIgnore = true,
      userThirdParty = {}
    }
  }
}
[21:28:44.673][info] [#0:script/provider/provider.lua:55]: Load config from .luarc.json/.luarc.jsonc	file:///Users/AlexandruDimian/github/foreign/nvim
[21:28:44.674][info] [#0:script/provider/provider.lua:56]: {
  ["workspace.library"] = { "/home/m/.local/share/nvim/site/pack/packer/start/neodev.nvim/types/nightly", "/usr/local/share/nvim/runtime/lua", "/home/m/.local/share/nvim/site/pack/packer/opt/cmp-git/lua", "/home/m/.local/share/nvim/site/pack/packer/opt/vim-startuptime/lua", "/home/m/.local/share/nvim/site/pack/packer/start/aerial.nvim/lua", "/home/m/.local/share/nvim/site/pack/packer/start/circles.nvim/lua", "/home/m/.local/share/nvim/site/pack/packer/start/cmp-buffer/lua", "/home/m/.local/share/nvim/site/pack/packer/start/cmp-cmdline/lua", "/home/m/.local/share/nvim/site/pack/packer/start/cmp-latex-symbols/lua", "/home/m/.local/share/nvim/site/pack/packer/start/cmp-nvim-lsp/lua", "/home/m/.local/share/nvim/site/pack/packer/start/cmp-nvim-lua/lua", "/home/m/.local/share/nvim/site/pack/packer/start/cmp-path/lua", "/home/m/.local/share/nvim/site/pack/packer/start/cmp_luasnip/lua", "/home/m/.local/share/nvim/site/pack/packer/start/Comment.nvim/lua", "/home/m/.local/share/nvim/site/pack/packer/start/dial.nvim/lua", "/home/m/.local/share/nvim/site/pack/packer/start/dressing.nvim/lua", "/home/m/.local/share/nvim/site/pack/packer/start/gitsigns.nvim/lua", "/home/m/files/nonwork/hi-dungeon.nvim/lua", "/home/m/.local/share/nvim/site/pack/packer/start/hop.nvim/lua", "/home/m/.local/share/nvim/site/pack/packer/start/indent-blankline.nvim/lua", "/home/m/.local/share/nvim/site/pack/packer/start/LuaSnip/lua", "/home/m/.local/share/nvim/site/pack/packer/start/mason-lspconfig.nvim/lua", "/home/m/.local/share/nvim/site/pack/packer/start/mason.nvim/lua", "/home/m/.local/share/nvim/site/pack/packer/start/mini.splitjoin/lua", "/home/m/.local/share/nvim/site/pack/packer/start/neo-tree.nvim/lua", "/home/m/.local/share/nvim/site/pack/packer/start/neodev.nvim/lua", "/home/m/.local/share/nvim/site/pack/packer/start/neogen/lua", "/home/m/.local/share/nvim/site/pack/packer/start/nui.nvim/lua", "/home/m/.local/share/nvim/site/pack/packer/start/null-ls.nvim/lua", "/home/m/.local/share/nvim/site/pack/packer/start/nvim-cmp/lua", "/home/m/.local/share/nvim/site/pack/packer/start/nvim-colorizer.lua/lua", "/home/m/.local/share/nvim/site/pack/packer/start/nvim-hlslens/lua", "/home/m/.local/share/nvim/site/pack/packer/start/nvim-lspconfig/lua", "/home/m/.local/share/nvim/site/pack/packer/start/nvim-treesitter/lua", "/home/m/.local/share/nvim/site/pack/packer/start/nvim-treesitter-textobjects/lua", "/home/m/.local/share/nvim/site/pack/packer/start/nvim-various-textobjs/lua", "/home/m/.local/share/nvim/site/pack/packer/start/nvim-web-devicons/lua", "/home/m/.local/share/nvim/site/pack/packer/start/org-bullets.nvim/lua", "/home/m/.local/share/nvim/site/pack/packer/start/orgmode/lua", "/home/m/.local/share/nvim/site/pack/packer/start/packer.nvim/lua", "/home/m/.local/share/nvim/site/pack/packer/start/plenary.nvim/lua", "/home/m/files/nonwork/racket-match.nvim/lua", "/home/m/.local/share/nvim/site/pack/packer/start/substitute.nvim/lua", "/home/m/.local/share/nvim/site/pack/packer/start/telescope-fzf-native.nvim/lua", "/home/m/.local/share/nvim/site/pack/packer/start/telescope-undo.nvim/lua", "/home/m/.local/share/nvim/site/pack/packer/start/telescope.nvim/lua", "/home/m/.local/share/nvim/site/pack/packer/start/tidy.nvim/lua", "/home/m/.local/share/nvim/site/pack/packer/start/toggleterm.nvim/lua", "/home/m/.local/share/nvim/site/pack/packer/start/venn.nvim/lua", "/home/m/.local/share/nvim/site/pack/packer/start/vim-illuminate/lua", "/home/m/.local/share/nvim/site/pack/packer/start/virt-column.nvim/lua", "/home/m/.local/share/nvim/site/pack/packer/start/yanky.nvim/lua", "/home/m/.config/nvim/lua", "${3rd}/luv/library" }
}
[21:28:44.776][info] [#0:script/provider/completion.lua:43]: Enable completion.
[21:28:44.776][info] [#0:script/provider/provider.lua:48]: Load config from client	file:///Users/AlexandruDimian/github/foreign
[21:28:44.777][info] [#0:script/provider/provider.lua:49]: {
  Lua = {
    addonManager = {
      enable = true
    },
    codeLens = {
      enable = false
    },
    completion = {
      autoRequire = true,
      callSnippet = "Disable",
      displayContext = 0,
      enable = true,
      keywordSnippet = "Replace",
      postfix = "@",
      requireSeparator = ".",
      showParams = true,
      showWord = "Fallback",
      workspaceWord = true
    },
    diagnostics = {
      disable = {},
      disableScheme = { "git" },
      enable = true,
      globals = { "vim" },
      ignoredFiles = "Opened",
      libraryFiles = "Opened",
      unusedLocalExclude = {},
      workspaceDelay = 3000,
      workspaceEvent = "OnSave",
      workspaceRate = 100
    },
    doc = {
      packageName = {},
      privateName = {},
      protectedName = {}
    },
    format = {
      defaultConfig = {},
      enable = true
    },
    hint = {
      arrayIndex = "Auto",
      await = true,
      enable = false,
      paramName = "All",
      paramType = true,
      semicolon = "SameLine",
      setType = false
    },
    hover = {
      enable = true,
      enumsLimit = 5,
      expandAlias = true,
      previewFields = 50,
      viewNumber = true,
      viewString = true,
      viewStringMax = 1000
    },
    misc = {
      executablePath = "",
      parameters = {}
    },
    runtime = {
      fileEncoding = "utf8",
      meta = "${version} ${language} ${encoding}",
      nonstandardSymbol = {},
      path = { "?.lua", "?/init.lua" },
      pathStrict = false,
      plugin = "",
      pluginArgs = {},
      special = {},
      unicodeName = false,
      version = "Lua 5.4"
    },
    semantic = {
      annotation = true,
      enable = true,
      keyword = false,
      variable = true
    },
    signatureHelp = {
      enable = true
    },
    spell = {
      dict = {}
    },
    type = {
      castNumberToInteger = true,
      weakNilCheck = false,
      weakUnionCheck = false
    },
    window = {
      progressBar = true,
      statusBar = true
    },
    workspace = {
      checkThirdParty = true,
      ignoreDir = { ".vscode" },
      ignoreSubmodules = true,
      library = {},
      maxPreload = 5000,
      preloadFileSize = 500,
      useGitIgnore = true,
      userThirdParty = {}
    }
  }
}
[21:28:44.883][info] [#0:script/provider/provider.lua:64]: Load config from client	fallback
[21:28:44.884][info] [#0:script/provider/provider.lua:65]: {
  Lua = {
    addonManager = {
      enable = true
    },
    codeLens = {
      enable = false
    },
    completion = {
      autoRequire = true,
      callSnippet = "Disable",
      displayContext = 0,
      enable = true,
      keywordSnippet = "Replace",
      postfix = "@",
      requireSeparator = ".",
      showParams = true,
      showWord = "Fallback",
      workspaceWord = true
    },
    diagnostics = {
      disable = {},
      disableScheme = { "git" },
      enable = true,
      globals = { "vim" },
      ignoredFiles = "Opened",
      libraryFiles = "Opened",
      unusedLocalExclude = {},
      workspaceDelay = 3000,
      workspaceEvent = "OnSave",
      workspaceRate = 100
    },
    doc = {
      packageName = {},
      privateName = {},
      protectedName = {}
    },
    format = {
      defaultConfig = {},
      enable = true
    },
    hint = {
      arrayIndex = "Auto",
      await = true,
      enable = false,
      paramName = "All",
      paramType = true,
      semicolon = "SameLine",
      setType = false
    },
    hover = {
      enable = true,
      enumsLimit = 5,
      expandAlias = true,
      previewFields = 50,
      viewNumber = true,
      viewString = true,
      viewStringMax = 1000
    },
    misc = {
      executablePath = "",
      parameters = {}
    },
    runtime = {
      fileEncoding = "utf8",
      meta = "${version} ${language} ${encoding}",
      nonstandardSymbol = {},
      path = { "?.lua", "?/init.lua" },
      pathStrict = false,
      plugin = "",
      pluginArgs = {},
      special = {},
      unicodeName = false,
      version = "Lua 5.4"
    },
    semantic = {
      annotation = true,
      enable = true,
      keyword = false,
      variable = true
    },
    signatureHelp = {
      enable = true
    },
    spell = {
      dict = {}
    },
    type = {
      castNumberToInteger = true,
      weakNilCheck = false,
      weakUnionCheck = false
    },
    window = {
      progressBar = true,
      statusBar = true
    },
    workspace = {
      checkThirdParty = true,
      ignoreDir = { ".vscode" },
      ignoreSubmodules = true,
      library = {},
      maxPreload = 5000,
      preloadFileSize = 500,
      useGitIgnore = true,
      userThirdParty = {}
    }
  }
}
[21:28:45.113][info] [#0:script/plugin.lua:125]: plugin path:	/Users/AlexandruDimian/github/foreign/nvim
[21:28:45.113][warn] [#0:script/plugin.lua:140]: plugin not found:	/Users/AlexandruDimian/github/foreign/nvim
[21:28:45.113][info] [#0:script/library.lua:212]: Init builtin library at:	file:///Users/AlexandruDimian/github/foreign/nvim
[21:28:45.126][info] [#0:script/plugin.lua:125]: plugin path:	/Users/AlexandruDimian/github/foreign
[21:28:45.126][warn] [#0:script/plugin.lua:140]: plugin not found:	/Users/AlexandruDimian/github/foreign
[21:28:45.126][info] [#0:script/library.lua:212]: Init builtin library at:	file:///Users/AlexandruDimian/github/foreign
[21:28:45.134][info] [#0:script/library.lua:212]: Init builtin library at:	nil
[21:28:45.248][info] [#0:script/workspace/workspace.lua:324]: Preload start:	file:///Users/AlexandruDimian/github/foreign/nvim
[21:28:45.872][info] [#0:script/workspace/workspace.lua:330]: Scan files at:	file:///Users/AlexandruDimian/github/foreign/nvim
[21:28:45.873][info] [#0:script/workspace/workspace.lua:324]: Preload start:	file:///Users/AlexandruDimian/github/foreign
[21:28:45.873][info] [#0:script/workspace/workspace.lua:330]: Scan files at:	file:///Users/AlexandruDimian/github/foreign
[21:28:45.874][info] [#0:script/workspace/workspace.lua:324]: Preload start:	<fallback>
[21:28:45.875][info] [#0:script/workspace/workspace.lua:353]: Scan library at:	file:///Users/AlexandruDimian/.config/coc/extensions/coc-lua-data/lua-language-server/meta/Lua%205.4%20en-us%20utf8/table.lua
[21:28:45.876][info] [#0:script/workspace/workspace.lua:353]: Scan library at:	file:///Users/AlexandruDimian/.config/coc/extensions/coc-lua-data/lua-language-server/meta/Lua%205.4%20en-us%20utf8/basic.lua
[21:28:45.876][info] [#0:script/workspace/workspace.lua:353]: Scan library at:	file:///Users/AlexandruDimian/.config/coc/extensions/coc-lua-data/lua-language-server/meta/Lua%205.4%20en-us%20utf8/utf8.lua
[21:28:45.876][info] [#0:script/workspace/workspace.lua:353]: Scan library at:	file:///Users/AlexandruDimian/.config/coc/extensions/coc-lua-data/lua-language-server/meta/Lua%205.4%20en-us%20utf8/math.lua
[21:28:45.876][info] [#0:script/workspace/workspace.lua:353]: Scan library at:	file:///Users/AlexandruDimian/.config/coc/extensions/coc-lua-data/lua-language-server/meta/Lua%205.4%20en-us%20utf8/os.lua
[21:28:45.876][info] [#0:script/workspace/workspace.lua:353]: Scan library at:	file:///Users/AlexandruDimian/.config/coc/extensions/coc-lua-data/lua-language-server/meta/Lua%205.4%20en-us%20utf8/package.lua
[21:28:45.876][info] [#0:script/workspace/workspace.lua:353]: Scan library at:	file:///Users/AlexandruDimian/.config/coc/extensions/coc-lua-data/lua-language-server/meta/Lua%205.4%20en-us%20utf8/string.lua
[21:28:45.876][info] [#0:script/workspace/workspace.lua:353]: Scan library at:	file:///Users/AlexandruDimian/.config/coc/extensions/coc-lua-data/lua-language-server/meta/Lua%205.4%20en-us%20utf8/builtin.lua
[21:28:45.877][info] [#0:script/workspace/workspace.lua:353]: Scan library at:	file:///Users/AlexandruDimian/.config/coc/extensions/coc-lua-data/lua-language-server/meta/Lua%205.4%20en-us%20utf8/debug.lua
[21:28:45.877][info] [#0:script/workspace/workspace.lua:353]: Scan library at:	file:///Users/AlexandruDimian/.config/coc/extensions/coc-lua-data/lua-language-server/meta/Lua%205.4%20en-us%20utf8/coroutine.lua
[21:28:45.877][info] [#0:script/workspace/workspace.lua:353]: Scan library at:	file:///Users/AlexandruDimian/.config/coc/extensions/coc-lua-data/lua-language-server/meta/Lua%205.4%20en-us%20utf8/io.lua
[21:28:45.880][info] [#0:script/workspace/workspace.lua:353]: Scan library at:	file:///Users/AlexandruDimian/.config/coc/extensions/coc-lua-data/lua-language-server/meta/Lua%205.4%20en-us%20utf8/math.lua
[21:28:45.881][info] [#0:script/workspace/workspace.lua:353]: Scan library at:	file:///Users/AlexandruDimian/.config/coc/extensions/coc-lua-data/lua-language-server/meta/Lua%205.4%20en-us%20utf8/coroutine.lua
[21:28:45.881][info] [#0:script/workspace/workspace.lua:353]: Scan library at:	file:///Users/AlexandruDimian/.config/coc/extensions/coc-lua-data/lua-language-server/meta/Lua%205.4%20en-us%20utf8/utf8.lua
[21:28:45.881][info] [#0:script/workspace/workspace.lua:353]: Scan library at:	file:///Users/AlexandruDimian/.config/coc/extensions/coc-lua-data/lua-language-server/meta/Lua%205.4%20en-us%20utf8/os.lua
[21:28:45.881][info] [#0:script/workspace/workspace.lua:353]: Scan library at:	file:///Users/AlexandruDimian/.config/coc/extensions/coc-lua-data/lua-language-server/meta/Lua%205.4%20en-us%20utf8/builtin.lua
[21:28:45.881][info] [#0:script/workspace/workspace.lua:353]: Scan library at:	file:///Users/AlexandruDimian/.config/coc/extensions/coc-lua-data/lua-language-server/meta/Lua%205.4%20en-us%20utf8/table.lua
[21:28:45.882][info] [#0:script/workspace/workspace.lua:353]: Scan library at:	file:///Users/AlexandruDimian/.config/coc/extensions/coc-lua-data/lua-language-server/meta/Lua%205.4%20en-us%20utf8/string.lua
[21:28:45.882][info] [#0:script/workspace/workspace.lua:353]: Scan library at:	file:///Users/AlexandruDimian/.config/coc/extensions/coc-lua-data/lua-language-server/meta/Lua%205.4%20en-us%20utf8/package.lua
[21:28:45.882][info] [#0:script/workspace/workspace.lua:353]: Scan library at:	file:///Users/AlexandruDimian/.config/coc/extensions/coc-lua-data/lua-language-server/meta/Lua%205.4%20en-us%20utf8/table.lua
[21:28:45.882][info] [#0:script/workspace/workspace.lua:353]: Scan library at:	file:///Users/AlexandruDimian/.config/coc/extensions/coc-lua-data/lua-language-server/meta/Lua%205.4%20en-us%20utf8/basic.lua
[21:28:45.882][info] [#0:script/workspace/workspace.lua:353]: Scan library at:	file:///Users/AlexandruDimian/.config/coc/extensions/coc-lua-data/lua-language-server/meta/Lua%205.4%20en-us%20utf8/basic.lua
[21:28:45.882][info] [#0:script/workspace/workspace.lua:353]: Scan library at:	file:///Users/AlexandruDimian/.config/coc/extensions/coc-lua-data/lua-language-server/meta/3rd/luv/library
[21:28:45.883][info] [#0:script/workspace/workspace.lua:353]: Scan library at:	file:///Users/AlexandruDimian/.config/coc/extensions/coc-lua-data/lua-language-server/meta/Lua%205.4%20en-us%20utf8/utf8.lua
[21:28:45.883][info] [#0:script/workspace/workspace.lua:353]: Scan library at:	file:///Users/AlexandruDimian/.config/coc/extensions/coc-lua-data/lua-language-server/meta/Lua%205.4%20en-us%20utf8/math.lua
[21:28:45.883][info] [#0:script/workspace/workspace.lua:353]: Scan library at:	file:///Users/AlexandruDimian/.config/coc/extensions/coc-lua-data/lua-language-server/meta/Lua%205.4%20en-us%20utf8/os.lua
[21:28:45.883][info] [#0:script/workspace/workspace.lua:353]: Scan library at:	file:///Users/AlexandruDimian/.config/coc/extensions/coc-lua-data/lua-language-server/meta/Lua%205.4%20en-us%20utf8/package.lua
[21:28:45.883][info] [#0:script/workspace/workspace.lua:353]: Scan library at:	file:///Users/AlexandruDimian/.config/coc/extensions/coc-lua-data/lua-language-server/meta/Lua%205.4%20en-us%20utf8/string.lua
[21:28:45.883][info] [#0:script/workspace/workspace.lua:353]: Scan library at:	file:///Users/AlexandruDimian/.config/coc/extensions/coc-lua-data/lua-language-server/meta/Lua%205.4%20en-us%20utf8/builtin.lua
[21:28:45.883][info] [#0:script/workspace/workspace.lua:353]: Scan library at:	file:///Users/AlexandruDimian/.config/coc/extensions/coc-lua-data/lua-language-server/meta/Lua%205.4%20en-us%20utf8/debug.lua
[21:28:45.883][info] [#0:script/workspace/workspace.lua:353]: Scan library at:	file:///Users/AlexandruDimian/.config/coc/extensions/coc-lua-data/lua-language-server/meta/Lua%205.4%20en-us%20utf8/coroutine.lua
[21:28:45.884][info] [#0:script/workspace/workspace.lua:353]: Scan library at:	file:///Users/AlexandruDimian/.config/coc/extensions/coc-lua-data/lua-language-server/meta/Lua%205.4%20en-us%20utf8/io.lua
[21:28:45.884][info] [#0:script/workspace/workspace.lua:353]: Scan library at:	file:///Users/AlexandruDimian/.config/coc/extensions/coc-lua-data/lua-language-server/meta/Lua%205.4%20en-us%20utf8/debug.lua
[21:28:45.884][info] [#0:script/workspace/workspace.lua:353]: Scan library at:	file:///Users/AlexandruDimian/.config/coc/extensions/coc-lua-data/lua-language-server/meta/Lua%205.4%20en-us%20utf8/io.lua
[21:28:45.989][info] [#0:script/workspace/workspace.lua:379]: Found 11 files at:	<fallback>
[21:28:45.989][info] [#0:script/workspace/loading.lua:160]: Load files from disk:	<fallback>
[21:28:45.989][info] [#0:script/workspace/workspace.lua:379]: Found 65 files at:	file:///Users/AlexandruDimian/github/foreign
[21:28:45.989][info] [#0:script/workspace/loading.lua:160]: Load files from disk:	file:///Users/AlexandruDimian/github/foreign
[21:28:45.989][info] [#0:script/workspace/workspace.lua:379]: Found 88 files at:	file:///Users/AlexandruDimian/github/foreign/nvim
[21:28:45.989][info] [#0:script/workspace/loading.lua:160]: Load files from disk:	file:///Users/AlexandruDimian/github/foreign/nvim
[21:28:45.990][info] [#0:script/workspace/loading.lua:100]: Preload file at: file:///Users/AlexandruDimian/.config/coc/extensions/coc-lua-data/lua-language-server/meta/Lua%205.4%20en-us%20utf8/io.lua , size = 6.364 KB
[21:28:45.994][info] [#0:script/workspace/loading.lua:112]: ++++As library of:	file:///Users/AlexandruDimian/.config/coc/extensions/coc-lua-data/lua-language-server/meta/Lua%205.4%20en-us%20utf8/io.lua
[21:28:45.995][info] [#0:script/workspace/loading.lua:97]: Skip loaded file: file:///Users/AlexandruDimian/.config/coc/extensions/coc-lua-data/lua-language-server/meta/Lua%205.4%20en-us%20utf8/io.lua
[21:28:45.995][info] [#0:script/workspace/loading.lua:100]: Preload file at: file:///Users/AlexandruDimian/.config/coc/extensions/coc-lua-data/lua-language-server/meta/Lua%205.4%20en-us%20utf8/coroutine.lua , size = 2.590 KB
[21:28:45.996][info] [#0:script/workspace/loading.lua:112]: ++++As library of:	file:///Users/AlexandruDimian/.config/coc/extensions/coc-lua-data/lua-language-server/meta/Lua%205.4%20en-us%20utf8/coroutine.lua
[21:28:45.996][info] [#0:script/workspace/loading.lua:97]: Skip loaded file: file:///Users/AlexandruDimian/.config/coc/extensions/coc-lua-data/lua-language-server/meta/Lua%205.4%20en-us%20utf8/io.lua
[21:28:45.996][info] [#0:script/workspace/loading.lua:97]: Skip loaded file: file:///Users/AlexandruDimian/.config/coc/extensions/coc-lua-data/lua-language-server/meta/Lua%205.4%20en-us%20utf8/coroutine.lua
[21:28:45.996][info] [#0:script/workspace/loading.lua:100]: Preload file at: file:///Users/AlexandruDimian/.config/coc/extensions/coc-lua-data/lua-language-server/meta/Lua%205.4%20en-us%20utf8/debug.lua , size = 7.637 KB
[21:28:46.001][info] [#0:script/workspace/loading.lua:112]: ++++As library of:	file:///Users/AlexandruDimian/.config/coc/extensions/coc-lua-data/lua-language-server/meta/Lua%205.4%20en-us%20utf8/debug.lua
[21:28:46.001][info] [#0:script/workspace/loading.lua:97]: Skip loaded file: file:///Users/AlexandruDimian/.config/coc/extensions/coc-lua-data/lua-language-server/meta/Lua%205.4%20en-us%20utf8/debug.lua
[21:28:46.001][info] [#0:script/workspace/loading.lua:97]: Skip loaded file: file:///Users/AlexandruDimian/.config/coc/extensions/coc-lua-data/lua-language-server/meta/Lua%205.4%20en-us%20utf8/debug.lua
[21:28:46.001][info] [#0:script/workspace/loading.lua:100]: Preload file at: file:///Users/AlexandruDimian/.config/coc/extensions/coc-lua-data/lua-language-server/meta/Lua%205.4%20en-us%20utf8/builtin.lua , size = 0.302 KB
[21:28:46.002][info] [#0:script/workspace/loading.lua:112]: ++++As library of:	file:///Users/AlexandruDimian/.config/coc/extensions/coc-lua-data/lua-language-server/meta/Lua%205.4%20en-us%20utf8/builtin.lua
[21:28:46.002][info] [#0:script/workspace/loading.lua:100]: Preload file at: file:///Users/AlexandruDimian/.config/coc/extensions/coc-lua-data/lua-language-server/meta/3rd/luv/library/luv_thread_t.lua , size = 0.500 KB
[21:28:46.002][info] [#0:script/workspace/loading.lua:112]: ++++As library of:	file:///Users/AlexandruDimian/.config/coc/extensions/coc-lua-data/lua-language-server/meta/3rd/luv/library
[21:28:46.002][info] [#0:script/workspace/loading.lua:97]: Skip loaded file: file:///Users/AlexandruDimian/.config/coc/extensions/coc-lua-data/lua-language-server/meta/Lua%205.4%20en-us%20utf8/builtin.lua
[21:28:46.002][info] [#0:script/workspace/loading.lua:100]: Preload file at: file:///Users/AlexandruDimian/.config/coc/extensions/coc-lua-data/lua-language-server/meta/Lua%205.4%20en-us%20utf8/string.lua , size = 6.327 KB
[21:28:46.005][info] [#0:script/workspace/loading.lua:112]: ++++As library of:	file:///Users/AlexandruDimian/.config/coc/extensions/coc-lua-data/lua-language-server/meta/Lua%205.4%20en-us%20utf8/string.lua
[21:28:46.005][info] [#0:script/workspace/loading.lua:100]: Preload file at: file:///Users/AlexandruDimian/.config/coc/extensions/coc-lua-data/lua-language-server/meta/3rd/luv/library/uv_async_t.lua , size = 1.058 KB
[21:28:46.005][info] [#0:script/workspace/loading.lua:112]: ++++As library of:	file:///Users/AlexandruDimian/.config/coc/extensions/coc-lua-data/lua-language-server/meta/3rd/luv/library
[21:28:46.005][info] [#0:script/workspace/loading.lua:97]: Skip loaded file: file:///Users/AlexandruDimian/.config/coc/extensions/coc-lua-data/lua-language-server/meta/Lua%205.4%20en-us%20utf8/string.lua
[21:28:46.005][info] [#0:script/workspace/loading.lua:100]: Preload file at: file:///Users/AlexandruDimian/.config/coc/extensions/coc-lua-data/lua-language-server/meta/Lua%205.4%20en-us%20utf8/package.lua , size = 2.944 KB
[21:28:46.007][info] [#0:script/workspace/loading.lua:112]: ++++As library of:	file:///Users/AlexandruDimian/.config/coc/extensions/coc-lua-data/lua-language-server/meta/Lua%205.4%20en-us%20utf8/package.lua
[21:28:46.007][info] [#0:script/workspace/loading.lua:97]: Skip loaded file: file:///Users/AlexandruDimian/.config/coc/extensions/coc-lua-data/lua-language-server/meta/Lua%205.4%20en-us%20utf8/package.lua
[21:28:46.007][info] [#0:script/workspace/loading.lua:100]: Preload file at: file:///Users/AlexandruDimian/.config/coc/extensions/coc-lua-data/lua-language-server/meta/3rd/luv/library/errors.lua , size = 15.165 KB
[21:28:46.012][info] [#0:script/workspace/loading.lua:112]: ++++As library of:	file:///Users/AlexandruDimian/.config/coc/extensions/coc-lua-data/lua-language-server/meta/3rd/luv/library
[21:28:46.012][info] [#0:script/workspace/loading.lua:100]: Preload file at: file:///Users/AlexandruDimian/.config/coc/extensions/coc-lua-data/lua-language-server/meta/Lua%205.4%20en-us%20utf8/os.lua , size = 5.600 KB
[21:28:46.014][info] [#0:script/workspace/loading.lua:112]: ++++As library of:	file:///Users/AlexandruDimian/.config/coc/extensions/coc-lua-data/lua-language-server/meta/Lua%205.4%20en-us%20utf8/os.lua
[21:28:46.014][info] [#0:script/workspace/loading.lua:97]: Skip loaded file: file:///Users/AlexandruDimian/.config/coc/extensions/coc-lua-data/lua-language-server/meta/Lua%205.4%20en-us%20utf8/os.lua
[21:28:46.014][info] [#0:script/workspace/loading.lua:100]: Preload file at: file:///Users/AlexandruDimian/.config/coc/extensions/coc-lua-data/lua-language-server/meta/3rd/luv/library/uv_check_t.lua , size = 0.694 KB
[21:28:46.014][info] [#0:script/workspace/loading.lua:112]: ++++As library of:	file:///Users/AlexandruDimian/.config/coc/extensions/coc-lua-data/lua-language-server/meta/3rd/luv/library
[21:28:46.014][info] [#0:script/workspace/loading.lua:100]: Preload file at: file:///Users/AlexandruDimian/.config/coc/extensions/coc-lua-data/lua-language-server/meta/Lua%205.4%20en-us%20utf8/math.lua , size = 8.509 KB
[21:28:46.018][info] [#0:script/workspace/loading.lua:112]: ++++As library of:	file:///Users/AlexandruDimian/.config/coc/extensions/coc-lua-data/lua-language-server/meta/Lua%205.4%20en-us%20utf8/math.lua
[21:28:46.018][info] [#0:script/workspace/loading.lua:100]: Preload file at: file:///Users/AlexandruDimian/.config/coc/extensions/coc-lua-data/lua-language-server/meta/3rd/luv/library/uv.lua , size = 98.128 KB
[21:28:46.045][info] [#0:script/workspace/loading.lua:112]: ++++As library of:	file:///Users/AlexandruDimian/.config/coc/extensions/coc-lua-data/lua-language-server/meta/3rd/luv/library
[21:28:46.045][info] [#0:script/workspace/loading.lua:97]: Skip loaded file: file:///Users/AlexandruDimian/.config/coc/extensions/coc-lua-data/lua-language-server/meta/Lua%205.4%20en-us%20utf8/math.lua
[21:28:46.045][info] [#0:script/workspace/loading.lua:100]: Preload file at: file:///Users/AlexandruDimian/.config/coc/extensions/coc-lua-data/lua-language-server/meta/Lua%205.4%20en-us%20utf8/utf8.lua , size = 2.386 KB
[21:28:46.046][info] [#0:script/workspace/loading.lua:112]: ++++As library of:	file:///Users/AlexandruDimian/.config/coc/extensions/coc-lua-data/lua-language-server/meta/Lua%205.4%20en-us%20utf8/utf8.lua
[21:28:46.046][info] [#0:script/workspace/loading.lua:97]: Skip loaded file: file:///Users/AlexandruDimian/.config/coc/extensions/coc-lua-data/lua-language-server/meta/Lua%205.4%20en-us%20utf8/utf8.lua
[21:28:46.046][info] [#0:script/workspace/loading.lua:100]: Preload file at: file:///Users/AlexandruDimian/.config/coc/extensions/coc-lua-data/lua-language-server/meta/3rd/luv/library/uv_idle_t.lua , size = 1.074 KB
[21:28:46.047][info] [#0:script/workspace/loading.lua:112]: ++++As library of:	file:///Users/AlexandruDimian/.config/coc/extensions/coc-lua-data/lua-language-server/meta/3rd/luv/library
[21:28:46.047][info] [#0:script/workspace/loading.lua:100]: Preload file at: file:///Users/AlexandruDimian/.config/coc/extensions/coc-lua-data/lua-language-server/meta/Lua%205.4%20en-us%20utf8/basic.lua , size = 15.621 KB
[21:28:46.051][info] [#0:script/workspace/loading.lua:112]: ++++As library of:	file:///Users/AlexandruDimian/.config/coc/extensions/coc-lua-data/lua-language-server/meta/Lua%205.4%20en-us%20utf8/basic.lua
[21:28:46.051][info] [#0:script/workspace/loading.lua:100]: Preload file at: file:///Users/AlexandruDimian/.config/coc/extensions/coc-lua-data/lua-language-server/meta/3rd/luv/library/luv_dir_t.lua , size = 1.056 KB
[21:28:46.051][info] [#0:script/workspace/loading.lua:112]: ++++As library of:	file:///Users/AlexandruDimian/.config/coc/extensions/coc-lua-data/lua-language-server/meta/3rd/luv/library
[21:28:46.051][info] [#0:script/workspace/loading.lua:97]: Skip loaded file: file:///Users/AlexandruDimian/.config/coc/extensions/coc-lua-data/lua-language-server/meta/Lua%205.4%20en-us%20utf8/basic.lua
[21:28:46.051][info] [#0:script/workspace/loading.lua:100]: Preload file at: file:///Users/AlexandruDimian/.config/coc/extensions/coc-lua-data/lua-language-server/meta/3rd/luv/library/uv_fs_event_t.lua , size = 1.033 KB
[21:28:46.052][info] [#0:script/workspace/loading.lua:112]: ++++As library of:	file:///Users/AlexandruDimian/.config/coc/extensions/coc-lua-data/lua-language-server/meta/3rd/luv/library
[21:28:46.052][info] [#0:script/workspace/loading.lua:100]: Preload file at: file:///Users/AlexandruDimian/.config/coc/extensions/coc-lua-data/lua-language-server/meta/Lua%205.4%20en-us%20utf8/table.lua , size = 4.235 KB
[21:28:46.053][info] [#0:script/workspace/loading.lua:112]: ++++As library of:	file:///Users/AlexandruDimian/.config/coc/extensions/coc-lua-data/lua-language-server/meta/Lua%205.4%20en-us%20utf8/table.lua
[21:28:46.053][info] [#0:script/workspace/loading.lua:97]: Skip loaded file: file:///Users/AlexandruDimian/.config/coc/extensions/coc-lua-data/lua-language-server/meta/Lua%205.4%20en-us%20utf8/table.lua
[21:28:46.053][info] [#0:script/workspace/loading.lua:100]: Preload file at: file:///Users/AlexandruDimian/.config/coc/extensions/coc-lua-data/lua-language-server/meta/3rd/luv/library/uv_stream_t.lua , size = 5.906 KB
[21:28:46.055][info] [#0:script/workspace/loading.lua:112]: ++++As library of:	file:///Users/AlexandruDimian/.config/coc/extensions/coc-lua-data/lua-language-server/meta/3rd/luv/library
[21:28:46.055][info] [#0:script/workspace/loading.lua:100]: Preload file at: file:///Users/AlexandruDimian/.config/coc/extensions/coc-lua-data/lua-language-server/meta/3rd/luv/library/uv_tcp_t.lua , size = 3.923 KB
[21:28:46.056][info] [#0:script/workspace/loading.lua:112]: ++++As library of:	file:///Users/AlexandruDimian/.config/coc/extensions/coc-lua-data/lua-language-server/meta/3rd/luv/library
[21:28:46.056][info] [#0:script/workspace/loading.lua:100]: Preload file at: file:///Users/AlexandruDimian/github/foreign/nvim/lua/maps/functions.lua , size = 1.091 KB
[21:28:46.056][info] [#0:script/workspace/loading.lua:100]: Preload file at: file:///Users/AlexandruDimian/github/foreign/nvim/init.lua , size = 3.740 KB
[21:28:46.057][info] [#0:script/workspace/loading.lua:100]: Preload file at: file:///Users/AlexandruDimian/.config/coc/extensions/coc-lua-data/lua-language-server/meta/3rd/luv/library/uv_tty_t.lua , size = 1.135 KB
[21:28:46.058][info] [#0:script/workspace/loading.lua:112]: ++++As library of:	file:///Users/AlexandruDimian/.config/coc/extensions/coc-lua-data/lua-language-server/meta/3rd/luv/library
[21:28:46.058][info] [#0:script/workspace/loading.lua:100]: Preload file at: file:///Users/AlexandruDimian/.config/coc/extensions/coc-lua-data/lua-language-server/meta/3rd/luv/library/uv_prepare_t.lua , size = 0.716 KB
[21:28:46.058][info] [#0:script/workspace/loading.lua:112]: ++++As library of:	file:///Users/AlexandruDimian/.config/coc/extensions/coc-lua-data/lua-language-server/meta/3rd/luv/library
[21:28:46.058][info] [#0:script/workspace/loading.lua:100]: Preload file at: file:///Users/AlexandruDimian/github/foreign/nvim/lua/maps/init.lua , size = 2.392 KB
[21:28:46.059][info] [#0:script/workspace/loading.lua:88]: Skip loaded file: file:///Users/AlexandruDimian/github/foreign/nvim/lua/aucmd/functions.lua
[21:28:46.059][info] [#0:script/workspace/loading.lua:100]: Preload file at: file:///Users/AlexandruDimian/.config/coc/extensions/coc-lua-data/lua-language-server/meta/3rd/luv/library/uv_handle_t.lua , size = 5.129 KB
[21:28:46.060][info] [#0:script/workspace/loading.lua:112]: ++++As library of:	file:///Users/AlexandruDimian/.config/coc/extensions/coc-lua-data/lua-language-server/meta/3rd/luv/library
[21:28:46.060][info] [#0:script/workspace/loading.lua:100]: Preload file at: file:///Users/AlexandruDimian/github/foreign/nvim/lua/ui/statusline.lua , size = 8.527 KB
[21:28:46.063][info] [#0:script/workspace/loading.lua:100]: Preload file at: file:///Users/AlexandruDimian/github/foreign/nvim/lua/ui/init.lua , size = 2.236 KB
[21:28:46.064][info] [#0:script/workspace/loading.lua:100]: Preload file at: file:///Users/AlexandruDimian/.config/coc/extensions/coc-lua-data/lua-language-server/meta/3rd/luv/library/luv_work_ctx_t.lua , size = 0.530 KB
[21:28:46.064][info] [#0:script/workspace/loading.lua:112]: ++++As library of:	file:///Users/AlexandruDimian/.config/coc/extensions/coc-lua-data/lua-language-server/meta/3rd/luv/library
[21:28:46.064][info] [#0:script/workspace/loading.lua:100]: Preload file at: file:///Users/AlexandruDimian/.config/coc/extensions/coc-lua-data/lua-language-server/meta/3rd/luv/library/uv_poll_t.lua , size = 2.646 KB
[21:28:46.065][info] [#0:script/workspace/loading.lua:112]: ++++As library of:	file:///Users/AlexandruDimian/.config/coc/extensions/coc-lua-data/lua-language-server/meta/3rd/luv/library
[21:28:46.065][info] [#0:script/workspace/loading.lua:100]: Preload file at: file:///Users/AlexandruDimian/.config/coc/extensions/coc-lua-data/lua-language-server/meta/3rd/luv/library/uv_process_t.lua , size = 0.617 KB
[21:28:46.065][info] [#0:script/workspace/loading.lua:112]: ++++As library of:	file:///Users/AlexandruDimian/.config/coc/extensions/coc-lua-data/lua-language-server/meta/3rd/luv/library
[21:28:46.065][info] [#0:script/workspace/loading.lua:100]: Preload file at: file:///Users/AlexandruDimian/github/foreign/nvim/lua/ui/utils.lua , size = 0.306 KB
[21:28:46.065][info] [#0:script/workspace/loading.lua:100]: Preload file at: file:///Users/AlexandruDimian/github/foreign/nvim/lua/aucmd/init.lua , size = 3.143 KB
[21:28:46.066][info] [#0:script/workspace/loading.lua:100]: Preload file at: file:///Users/AlexandruDimian/.config/coc/extensions/coc-lua-data/lua-language-server/meta/3rd/luv/library/uv_udp_t.lua , size = 5.970 KB
[21:28:46.068][info] [#0:script/workspace/loading.lua:112]: ++++As library of:	file:///Users/AlexandruDimian/.config/coc/extensions/coc-lua-data/lua-language-server/meta/3rd/luv/library
[21:28:46.068][info] [#0:script/workspace/loading.lua:88]: Skip loaded file: file:///Users/AlexandruDimian/.config/coc/extensions/coc-lua-data/lua-language-server/meta/Lua%205.4%20en-us%20utf8/basic.lua
[21:28:46.068][info] [#0:script/workspace/loading.lua:112]: ++++As library of:	file:///Users/AlexandruDimian/.config/coc/extensions/coc-lua-data/lua-language-server/meta/Lua%205.4%20en-us%20utf8/basic.lua
[21:28:46.068][info] [#0:script/workspace/loading.lua:100]: Preload file at: file:///Users/AlexandruDimian/.config/coc/extensions/coc-lua-data/lua-language-server/meta/3rd/luv/library/uv_signal_t.lua , size = 2.997 KB
[21:28:46.069][info] [#0:script/workspace/loading.lua:112]: ++++As library of:	file:///Users/AlexandruDimian/.config/coc/extensions/coc-lua-data/lua-language-server/meta/3rd/luv/library
[21:28:46.069][info] [#0:script/workspace/loading.lua:100]: Preload file at: file:///Users/AlexandruDimian/github/foreign/nvim/lua/plugins/aerial.lua , size = 0.730 KB
[21:28:46.069][info] [#0:script/workspace/loading.lua:100]: Preload file at: file:///Users/AlexandruDimian/.config/coc/extensions/coc-lua-data/lua-language-server/meta/3rd/luv/library/uv_timer_t.lua , size = 1.999 KB
[21:28:46.070][info] [#0:script/workspace/loading.lua:112]: ++++As library of:	file:///Users/AlexandruDimian/.config/coc/extensions/coc-lua-data/lua-language-server/meta/3rd/luv/library
[21:28:46.070][info] [#0:script/workspace/loading.lua:100]: Preload file at: file:///Users/AlexandruDimian/github/foreign/nvim/lua/plugins/fzf-lua.lua , size = 2.986 KB
[21:28:46.074][info] [#0:script/workspace/loading.lua:100]: Preload file at: file:///Users/AlexandruDimian/.config/coc/extensions/coc-lua-data/lua-language-server/meta/3rd/luv/library/uv_pipe_t.lua , size = 2.988 KB
[21:28:46.075][info] [#0:script/workspace/loading.lua:112]: ++++As library of:	file:///Users/AlexandruDimian/.config/coc/extensions/coc-lua-data/lua-language-server/meta/3rd/luv/library
[21:28:46.075][info] [#0:script/workspace/loading.lua:100]: Preload file at: file:///Users/AlexandruDimian/github/foreign/nvim/lua/plugins/snippets.lua , size = 3.028 KB
[21:28:46.076][info] [#0:script/workspace/loading.lua:100]: Preload file at: file:///Users/AlexandruDimian/github/foreign/nvim/lua/plugins/heirline.lua , size = 9.946 KB
[21:28:46.077][info] [#0:script/workspace/loading.lua:100]: Preload file at: file:///Users/AlexandruDimian/.config/coc/extensions/coc-lua-data/lua-language-server/meta/3rd/luv/library/types.lua , size = 17.131 KB
[21:28:46.081][info] [#0:script/workspace/loading.lua:112]: ++++As library of:	file:///Users/AlexandruDimian/.config/coc/extensions/coc-lua-data/lua-language-server/meta/3rd/luv/library
[21:28:46.081][info] [#0:script/workspace/loading.lua:100]: Preload file at: file:///Users/AlexandruDimian/.config/coc/extensions/coc-lua-data/lua-language-server/meta/3rd/luv/library/uv_fs_poll_t.lua , size = 1.140 KB
[21:28:46.082][info] [#0:script/workspace/loading.lua:112]: ++++As library of:	file:///Users/AlexandruDimian/.config/coc/extensions/coc-lua-data/lua-language-server/meta/3rd/luv/library
[21:28:46.082][info] [#0:script/workspace/loading.lua:100]: Preload file at: file:///Users/AlexandruDimian/github/foreign/nvim/lua/plugins/flash.lua , size = 0.474 KB
[21:28:46.082][info] [#0:script/workspace/loading.lua:100]: Preload file at: file:///Users/AlexandruDimian/.config/coc/extensions/coc-lua-data/lua-language-server/meta/3rd/luv/library/uv_req_t.lua , size = 0.705 KB
[21:28:46.082][info] [#0:script/workspace/loading.lua:112]: ++++As library of:	file:///Users/AlexandruDimian/.config/coc/extensions/coc-lua-data/lua-language-server/meta/3rd/luv/library
[21:28:46.082][info] [#0:script/workspace/loading.lua:100]: Preload file at: file:///Users/AlexandruDimian/github/foreign/nvim/lua/plugins/colors.lua , size = 0.334 KB
[21:28:46.083][info] [#0:script/workspace/loading.lua:100]: Preload file at: file:///Users/AlexandruDimian/github/foreign/nvim/lua/plugins/testing.lua , size = 2.706 KB
[21:28:46.083][info] [#0:script/workspace/loading.lua:88]: Skip loaded file: file:///Users/AlexandruDimian/.config/coc/extensions/coc-lua-data/lua-language-server/meta/Lua%205.4%20en-us%20utf8/package.lua
[21:28:46.083][info] [#0:script/workspace/loading.lua:112]: ++++As library of:	file:///Users/AlexandruDimian/.config/coc/extensions/coc-lua-data/lua-language-server/meta/Lua%205.4%20en-us%20utf8/package.lua
[21:28:46.083][info] [#0:script/workspace/loading.lua:88]: Skip loaded file: file:///Users/AlexandruDimian/.config/coc/extensions/coc-lua-data/lua-language-server/meta/Lua%205.4%20en-us%20utf8/string.lua
[21:28:46.083][info] [#0:script/workspace/loading.lua:112]: ++++As library of:	file:///Users/AlexandruDimian/.config/coc/extensions/coc-lua-data/lua-language-server/meta/Lua%205.4%20en-us%20utf8/string.lua
[21:28:46.083][info] [#0:script/workspace/loading.lua:88]: Skip loaded file: file:///Users/AlexandruDimian/.config/coc/extensions/coc-lua-data/lua-language-server/meta/Lua%205.4%20en-us%20utf8/table.lua
[21:28:46.083][info] [#0:script/workspace/loading.lua:112]: ++++As library of:	file:///Users/AlexandruDimian/.config/coc/extensions/coc-lua-data/lua-language-server/meta/Lua%205.4%20en-us%20utf8/table.lua
[21:28:46.083][info] [#0:script/workspace/loading.lua:88]: Skip loaded file: file:///Users/AlexandruDimian/.config/coc/extensions/coc-lua-data/lua-language-server/meta/Lua%205.4%20en-us%20utf8/builtin.lua
[21:28:46.083][info] [#0:script/workspace/loading.lua:112]: ++++As library of:	file:///Users/AlexandruDimian/.config/coc/extensions/coc-lua-data/lua-language-server/meta/Lua%205.4%20en-us%20utf8/builtin.lua
[21:28:46.083][info] [#0:script/workspace/loading.lua:88]: Skip loaded file: file:///Users/AlexandruDimian/.config/coc/extensions/coc-lua-data/lua-language-server/meta/Lua%205.4%20en-us%20utf8/os.lua
[21:28:46.083][info] [#0:script/workspace/loading.lua:112]: ++++As library of:	file:///Users/AlexandruDimian/.config/coc/extensions/coc-lua-data/lua-language-server/meta/Lua%205.4%20en-us%20utf8/os.lua
[21:28:46.083][info] [#0:script/workspace/loading.lua:88]: Skip loaded file: file:///Users/AlexandruDimian/.config/coc/extensions/coc-lua-data/lua-language-server/meta/Lua%205.4%20en-us%20utf8/utf8.lua
[21:28:46.083][info] [#0:script/workspace/loading.lua:112]: ++++As library of:	file:///Users/AlexandruDimian/.config/coc/extensions/coc-lua-data/lua-language-server/meta/Lua%205.4%20en-us%20utf8/utf8.lua
[21:28:46.083][info] [#0:script/workspace/loading.lua:100]: Preload file at: file:///Users/AlexandruDimian/github/foreign/nvim/lua/plugins/autopairs.lua , size = 1.580 KB
[21:28:46.084][info] [#0:script/workspace/loading.lua:100]: Preload file at: file:///Users/AlexandruDimian/github/foreign/nvim/lua/plugins/wordmotion.lua , size = 0.117 KB
[21:28:46.084][info] [#0:script/workspace/loading.lua:100]: Preload file at: file:///Users/AlexandruDimian/github/foreign/nvim/lua/plugins/telescope.lua , size = 4.061 KB
[21:28:46.085][info] [#0:script/workspace/loading.lua:100]: Preload file at: file:///Users/AlexandruDimian/github/foreign/nvim/lua/plugins/substitute.lua , size = 0.646 KB
[21:28:46.085][info] [#0:script/workspace/loading.lua:100]: Preload file at: file:///Users/AlexandruDimian/github/foreign/nvim/lua/plugins/targets.lua , size = 0.031 KB
[21:28:46.085][info] [#0:script/workspace/loading.lua:100]: Preload file at: file:///Users/AlexandruDimian/github/foreign/nvim/lua/plugins/terminal.lua , size = 0.211 KB
[21:28:46.085][info] [#0:script/workspace/loading.lua:88]: Skip loaded file: file:///Users/AlexandruDimian/.config/coc/extensions/coc-lua-data/lua-language-server/meta/Lua%205.4%20en-us%20utf8/coroutine.lua
[21:28:46.085][info] [#0:script/workspace/loading.lua:112]: ++++As library of:	file:///Users/AlexandruDimian/.config/coc/extensions/coc-lua-data/lua-language-server/meta/Lua%205.4%20en-us%20utf8/coroutine.lua
[21:28:46.085][info] [#0:script/workspace/loading.lua:88]: Skip loaded file: file:///Users/AlexandruDimian/.config/coc/extensions/coc-lua-data/lua-language-server/meta/Lua%205.4%20en-us%20utf8/math.lua
[21:28:46.085][info] [#0:script/workspace/loading.lua:112]: ++++As library of:	file:///Users/AlexandruDimian/.config/coc/extensions/coc-lua-data/lua-language-server/meta/Lua%205.4%20en-us%20utf8/math.lua
[21:28:46.085][info] [#0:script/workspace/loading.lua:88]: Skip loaded file: file:///Users/AlexandruDimian/github/foreign/nvim/init.lua
[21:28:46.085][info] [#0:script/workspace/loading.lua:100]: Preload file at: file:///Users/AlexandruDimian/github/foreign/nvim/lua/plugins/nvim-ufo.lua , size = 1.666 KB
[21:28:46.086][info] [#0:script/workspace/loading.lua:100]: Preload file at: file:///Users/AlexandruDimian/github/foreign/nvim/lua/plugins/tidy.lua , size = 0.262 KB
[21:28:46.086][info] [#0:script/workspace/loading.lua:100]: Preload file at: file:///Users/AlexandruDimian/github/foreign/nvim/lua/plugins/visual_mode.lua , size = 0.721 KB
[21:28:46.086][info] [#0:script/workspace/loading.lua:100]: Preload file at: file:///Users/AlexandruDimian/github/foreign/nvim/lua/plugins/markdown-preview.lua , size = 0.369 KB
[21:28:46.087][info] [#0:script/workspace/loading.lua:88]: Skip loaded file: file:///Users/AlexandruDimian/github/foreign/nvim/lua/maps/functions.lua
[21:28:46.087][info] [#0:script/workspace/loading.lua:88]: Skip loaded file: file:///Users/AlexandruDimian/github/foreign/nvim/lua/maps/init.lua
[21:28:46.087][info] [#0:script/workspace/loading.lua:88]: Skip loaded file: file:///Users/AlexandruDimian/github/foreign/nvim/lua/ui/init.lua
[21:28:46.087][info] [#0:script/workspace/loading.lua:88]: Skip loaded file: file:///Users/AlexandruDimian/github/foreign/nvim/lua/ui/statusline.lua
[21:28:46.087][info] [#0:script/workspace/loading.lua:88]: Skip loaded file: file:///Users/AlexandruDimian/github/foreign/nvim/lua/ui/utils.lua
[21:28:46.087][info] [#0:script/workspace/loading.lua:100]: Preload file at: file:///Users/AlexandruDimian/github/foreign/nvim/lua/plugins/colorizer.lua , size = 0.183 KB
[21:28:46.087][info] [#0:script/workspace/loading.lua:100]: Preload file at: file:///Users/AlexandruDimian/github/foreign/nvim/lua/plugins/yanky.lua , size = 0.624 KB
[21:28:46.087][info] [#0:script/workspace/loading.lua:100]: Preload file at: file:///Users/AlexandruDimian/github/foreign/nvim/lua/plugins/lsp.lua , size = 4.090 KB
[21:28:46.088][info] [#0:script/workspace/loading.lua:100]: Preload file at: file:///Users/AlexandruDimian/github/foreign/nvim/lua/plugins/swap.lua , size = 0.181 KB
[21:28:46.088][info] [#0:script/workspace/loading.lua:88]: Skip loaded file: file:///Users/AlexandruDimian/github/foreign/nvim/lua/aucmd/functions.lua
[21:28:46.088][info] [#0:script/workspace/loading.lua:88]: Skip loaded file: file:///Users/AlexandruDimian/github/foreign/nvim/lua/aucmd/init.lua
[21:28:46.088][info] [#0:script/workspace/loading.lua:88]: Skip loaded file: file:///Users/AlexandruDimian/github/foreign/nvim/lua/plugins/fzf-lua.lua
[21:28:46.088][info] [#0:script/workspace/loading.lua:88]: Skip loaded file: file:///Users/AlexandruDimian/github/foreign/nvim/lua/plugins/aerial.lua
[21:28:46.088][info] [#0:script/workspace/loading.lua:88]: Skip loaded file: file:///Users/AlexandruDimian/github/foreign/nvim/lua/plugins/heirline.lua
[21:28:46.088][info] [#0:script/workspace/loading.lua:100]: Preload file at: file:///Users/AlexandruDimian/github/foreign/nvim/lua/plugins/illuminate.lua , size = 0.708 KB
[21:28:46.089][info] [#0:script/workspace/loading.lua:100]: Preload file at: file:///Users/AlexandruDimian/github/foreign/nvim/lua/plugins/orgmode.lua , size = 1.766 KB
[21:28:46.089][info] [#0:script/workspace/loading.lua:100]: Preload file at: file:///Users/AlexandruDimian/github/foreign/nvim/lua/plugins/dial.lua , size = 1.146 KB
[21:28:46.090][info] [#0:script/workspace/loading.lua:100]: Preload file at: file:///Users/AlexandruDimian/github/foreign/nvim/lua/plugins/blink.lua , size = 4.168 KB
[21:28:46.090][info] [#0:script/workspace/loading.lua:100]: Preload file at: file:///Users/AlexandruDimian/github/foreign/nvim/lua/plugins/various-textobjs.lua , size = 0.519 KB
[21:28:46.090][info] [#0:script/workspace/loading.lua:88]: Skip loaded file: file:///Users/AlexandruDimian/github/foreign/nvim/lua/plugins/snippets.lua
[21:28:46.090][info] [#0:script/workspace/loading.lua:88]: Skip loaded file: file:///Users/AlexandruDimian/github/foreign/nvim/lua/plugins/flash.lua
[21:28:46.090][info] [#0:script/workspace/loading.lua:88]: Skip loaded file: file:///Users/AlexandruDimian/github/foreign/nvim/lua/plugins/colors.lua
[21:28:46.090][info] [#0:script/workspace/loading.lua:100]: Preload file at: file:///Users/AlexandruDimian/github/foreign/nvim/lua/plugins/web-devicons.lua , size = 0.535 KB
[21:28:46.091][info] [#0:script/workspace/loading.lua:100]: Preload file at: file:///Users/AlexandruDimian/github/foreign/nvim/lua/plugins/gitsigns.lua , size = 2.771 KB
[21:28:46.092][info] [#0:script/workspace/loading.lua:100]: Preload file at: file:///Users/AlexandruDimian/github/foreign/nvim/lua/plugins/highlighturl.lua , size = 0.131 KB
[21:28:46.092][info] [#0:script/workspace/loading.lua:100]: Preload file at: file:///Users/AlexandruDimian/github/foreign/nvim/lua/plugins/mundo.lua , size = 0.438 KB
[21:28:46.092][info] [#0:script/workspace/loading.lua:88]: Skip loaded file: file:///Users/AlexandruDimian/github/foreign/nvim/lua/plugins/testing.lua
[21:28:46.092][info] [#0:script/workspace/loading.lua:88]: Skip loaded file: file:///Users/AlexandruDimian/github/foreign/nvim/lua/plugins/autopairs.lua
[21:28:46.092][info] [#0:script/workspace/loading.lua:88]: Skip loaded file: file:///Users/AlexandruDimian/github/foreign/nvim/lua/plugins/telescope.lua
[21:28:46.092][info] [#0:script/workspace/loading.lua:88]: Skip loaded file: file:///Users/AlexandruDimian/github/foreign/nvim/lua/plugins/wordmotion.lua
[21:28:46.092][info] [#0:script/workspace/loading.lua:88]: Skip loaded file: file:///Users/AlexandruDimian/github/foreign/nvim/lua/plugins/targets.lua
[21:28:46.092][info] [#0:script/workspace/loading.lua:100]: Preload file at: file:///Users/AlexandruDimian/github/foreign/nvim/lua/plugins/whichkey.lua , size = 0.599 KB
[21:28:46.092][info] [#0:script/workspace/loading.lua:100]: Preload file at: file:///Users/AlexandruDimian/github/foreign/nvim/lua/plugins/commitia.lua , size = 0.054 KB
[21:28:46.092][info] [#0:script/workspace/loading.lua:100]: Preload file at: file:///Users/AlexandruDimian/github/foreign/nvim/lua/plugins/dressing.lua , size = 0.459 KB
[21:28:46.093][info] [#0:script/workspace/loading.lua:100]: Preload file at: file:///Users/AlexandruDimian/github/foreign/nvim/lua/plugins/cmp.lua , size = 8.772 KB
[21:28:46.095][info] [#0:script/workspace/loading.lua:88]: Skip loaded file: file:///Users/AlexandruDimian/github/foreign/nvim/lua/plugins/substitute.lua
[21:28:46.095][info] [#0:script/workspace/loading.lua:88]: Skip loaded file: file:///Users/AlexandruDimian/github/foreign/nvim/lua/plugins/terminal.lua
[21:28:46.095][info] [#0:script/workspace/loading.lua:88]: Skip loaded file: file:///Users/AlexandruDimian/github/foreign/nvim/lua/plugins/nvim-ufo.lua
[21:28:46.095][info] [#0:script/workspace/loading.lua:100]: Preload file at: file:///Users/AlexandruDimian/github/foreign/nvim/lua/plugins/statuscol.lua , size = 2.713 KB
[21:28:46.096][info] [#0:script/workspace/loading.lua:100]: Preload file at: file:///Users/AlexandruDimian/github/foreign/nvim/lua/plugins/plenary.lua , size = 0.034 KB
[21:28:46.096][info] [#0:script/workspace/loading.lua:100]: Preload file at: file:///Users/AlexandruDimian/github/foreign/nvim/lua/plugins/virt-column.lua , size = 0.106 KB
[21:28:46.096][info] [#0:script/workspace/loading.lua:100]: Preload file at: file:///Users/AlexandruDimian/github/foreign/nvim/lua/plugins/treesitter.lua , size = 4.551 KB
[21:28:46.097][info] [#0:script/workspace/loading.lua:88]: Skip loaded file: file:///Users/AlexandruDimian/github/foreign/nvim/lua/plugins/tidy.lua
[21:28:46.097][info] [#0:script/workspace/loading.lua:88]: Skip loaded file: file:///Users/AlexandruDimian/github/foreign/nvim/lua/plugins/visual_mode.lua
[21:28:46.097][info] [#0:script/workspace/loading.lua:88]: Skip loaded file: file:///Users/AlexandruDimian/github/foreign/nvim/lua/plugins/markdown-preview.lua
[21:28:46.097][info] [#0:script/workspace/loading.lua:88]: Skip loaded file: file:///Users/AlexandruDimian/github/foreign/nvim/lua/plugins/colorizer.lua
[21:28:46.097][info] [#0:script/workspace/loading.lua:88]: Skip loaded file: file:///Users/AlexandruDimian/github/foreign/nvim/lua/plugins/yanky.lua
[21:28:46.097][info] [#0:script/workspace/loading.lua:100]: Preload file at: file:///Users/AlexandruDimian/github/foreign/nvim/lua/plugins/hlslens.lua , size = 1.784 KB
[21:28:46.097][info] [#0:script/workspace/loading.lua:100]: Preload file at: file:///Users/AlexandruDimian/github/foreign/nvim/lua/lsp.lua , size = 2.712 KB
[21:28:46.098][info] [#0:script/workspace/loading.lua:100]: Preload file at: file:///Users/AlexandruDimian/github/foreign/nvim/lua/cmd.lua , size = 0.510 KB
[21:28:46.098][info] [#0:script/workspace/loading.lua:100]: Preload file at: file:///Users/AlexandruDimian/github/foreign/nvim/lua/options.lua , size = 1.916 KB
[21:28:46.099][info] [#0:script/workspace/loading.lua:100]: Preload file at: file:///Users/AlexandruDimian/github/foreign/nvim/lua/globals.lua , size = 6.012 KB
[21:28:46.101][info] [#0:script/workspace/loading.lua:88]: Skip loaded file: file:///Users/AlexandruDimian/github/foreign/nvim/lua/plugins/lsp.lua
[21:28:46.101][info] [#0:script/workspace/loading.lua:88]: Skip loaded file: file:///Users/AlexandruDimian/github/foreign/nvim/lua/plugins/swap.lua
[21:28:46.101][info] [#0:script/workspace/loading.lua:88]: Skip loaded file: file:///Users/AlexandruDimian/github/foreign/nvim/lua/plugins/blink.lua
[21:28:46.101][info] [#0:script/workspace/loading.lua:88]: Skip loaded file: file:///Users/AlexandruDimian/github/foreign/nvim/lua/plugins/illuminate.lua
[21:28:46.101][info] [#0:script/workspace/loading.lua:88]: Skip loaded file: file:///Users/AlexandruDimian/github/foreign/nvim/lua/plugins/orgmode.lua
[21:28:46.101][info] [#0:script/workspace/loading.lua:88]: Skip loaded file: file:///Users/AlexandruDimian/github/foreign/nvim/lua/plugins/dial.lua
[21:28:46.101][info] [#0:script/workspace/loading.lua:100]: Preload file at: file:///Users/AlexandruDimian/github/foreign/nvim/lua/filetype.lua , size = 0.272 KB
[21:28:46.101][info] [#0:script/workspace/loading.lua:100]: Preload file at: file:///Users/AlexandruDimian/github/foreign/nvim/after/ftplugin/help.lua , size = 0.427 KB
[21:28:46.102][info] [#0:script/workspace/loading.lua:100]: Preload file at: file:///Users/AlexandruDimian/github/foreign/nvim/after/ftplugin/trans.lua , size = 0.026 KB
[21:28:46.102][info] [#0:script/workspace/loading.lua:88]: Skip loaded file: file:///Users/AlexandruDimian/github/foreign/nvim/lua/plugins/various-textobjs.lua
[21:28:46.102][info] [#0:script/workspace/loading.lua:88]: Skip loaded file: file:///Users/AlexandruDimian/github/foreign/nvim/lua/plugins/web-devicons.lua
[21:28:46.102][info] [#0:script/workspace/loading.lua:88]: Skip loaded file: file:///Users/AlexandruDimian/github/foreign/nvim/lua/plugins/gitsigns.lua
[21:28:46.102][info] [#0:script/workspace/loading.lua:88]: Skip loaded file: file:///Users/AlexandruDimian/github/foreign/nvim/lua/plugins/highlighturl.lua
[21:28:46.102][info] [#0:script/workspace/loading.lua:88]: Skip loaded file: file:///Users/AlexandruDimian/github/foreign/nvim/lua/plugins/mundo.lua
[21:28:46.102][info] [#0:script/workspace/loading.lua:88]: Skip loaded file: file:///Users/AlexandruDimian/github/foreign/nvim/lua/plugins/whichkey.lua
[21:28:46.102][info] [#0:script/workspace/loading.lua:88]: Skip loaded file: file:///Users/AlexandruDimian/github/foreign/nvim/lua/plugins/commitia.lua
[21:28:46.102][info] [#0:script/workspace/loading.lua:88]: Skip loaded file: file:///Users/AlexandruDimian/github/foreign/nvim/lua/plugins/dressing.lua
[21:28:46.102][info] [#0:script/workspace/loading.lua:88]: Skip loaded file: file:///Users/AlexandruDimian/github/foreign/nvim/lua/plugins/cmp.lua
[21:28:46.102][info] [#0:script/workspace/loading.lua:88]: Skip loaded file: file:///Users/AlexandruDimian/github/foreign/nvim/lua/plugins/statuscol.lua
[21:28:46.102][info] [#0:script/workspace/loading.lua:88]: Skip loaded file: file:///Users/AlexandruDimian/github/foreign/nvim/lua/plugins/plenary.lua
[21:28:46.102][info] [#0:script/workspace/loading.lua:88]: Skip loaded file: file:///Users/AlexandruDimian/github/foreign/nvim/lua/plugins/virt-column.lua
[21:28:46.102][info] [#0:script/workspace/loading.lua:88]: Skip loaded file: file:///Users/AlexandruDimian/github/foreign/nvim/lua/plugins/treesitter.lua
[21:28:46.102][info] [#0:script/workspace/loading.lua:88]: Skip loaded file: file:///Users/AlexandruDimian/github/foreign/nvim/lua/plugins/hlslens.lua
[21:28:46.102][info] [#0:script/workspace/loading.lua:88]: Skip loaded file: file:///Users/AlexandruDimian/github/foreign/nvim/lua/lsp.lua
[21:28:46.102][info] [#0:script/workspace/loading.lua:88]: Skip loaded file: file:///Users/AlexandruDimian/github/foreign/nvim/lua/cmd.lua
[21:28:46.102][info] [#0:script/workspace/loading.lua:88]: Skip loaded file: file:///Users/AlexandruDimian/github/foreign/nvim/lua/globals.lua
[21:28:46.102][info] [#0:script/workspace/loading.lua:88]: Skip loaded file: file:///Users/AlexandruDimian/github/foreign/nvim/lua/options.lua
[21:28:46.102][info] [#0:script/workspace/loading.lua:88]: Skip loaded file: file:///Users/AlexandruDimian/github/foreign/nvim/lua/filetype.lua
[21:28:46.102][info] [#0:script/workspace/loading.lua:88]: Skip loaded file: file:///Users/AlexandruDimian/github/foreign/nvim/after/ftplugin/help.lua
[21:28:46.102][info] [#0:script/workspace/loading.lua:88]: Skip loaded file: file:///Users/AlexandruDimian/github/foreign/nvim/after/ftplugin/trans.lua
[21:28:46.102][info] [#0:script/workspace/loading.lua:172]: Loaded files takes [0.119] sec: file:///Users/AlexandruDimian/github/foreign/nvim
[21:28:46.102][info] [#0:script/workspace/loading.lua:181]: Compile files takes [0.000] sec: file:///Users/AlexandruDimian/github/foreign/nvim
[21:28:46.102][info] [#0:script/workspace/loading.lua:182]: Loaded finish:	file:///Users/AlexandruDimian/github/foreign/nvim
[21:28:46.102][info] [#0:script/workspace/workspace.lua:381]: Preload finish at:	file:///Users/AlexandruDimian/github/foreign/nvim
[21:28:46.214][info] [#0:script/workspace/loading.lua:172]: Loaded files takes [0.126] sec: <fallback>
[21:28:46.214][info] [#0:script/workspace/loading.lua:181]: Compile files takes [0.000] sec: <fallback>
[21:28:46.214][info] [#0:script/workspace/loading.lua:182]: Loaded finish:	<fallback>
[21:28:46.215][info] [#0:script/workspace/workspace.lua:381]: Preload finish at:	<fallback>
[21:28:46.228][info] [#0:script/workspace/loading.lua:172]: Loaded files takes [0.140] sec: file:///Users/AlexandruDimian/github/foreign
[21:28:46.228][info] [#0:script/workspace/loading.lua:181]: Compile files takes [0.000] sec: file:///Users/AlexandruDimian/github/foreign
[21:28:46.228][info] [#0:script/workspace/loading.lua:182]: Loaded finish:	file:///Users/AlexandruDimian/github/foreign
[21:28:46.228][info] [#0:script/workspace/workspace.lua:381]: Preload finish at:	file:///Users/AlexandruDimian/github/foreign
[21:28:46.337][info] [#0:script/provider/diagnostic.lua:560]: Diagnostics scope [file:///Users/AlexandruDimian/github/foreign], files count:[65]
[21:28:46.576][info] [#0:script/provider/diagnostic.lua:577]: Diagnostics scope [file:///Users/AlexandruDimian/github/foreign] finished, takes [0.239] sec.
[21:28:47.127][info] [#0:script/provider/diagnostic.lua:560]: Diagnostics scope [file:///Users/AlexandruDimian/github/foreign/nvim], files count:[88]
[21:28:47.367][info] [#0:script/provider/diagnostic.lua:577]: Diagnostics scope [file:///Users/AlexandruDimian/github/foreign/nvim] finished, takes [0.240] sec.
