[09:28:08.329][info] [#0:/Users/AlexandruDimian/.config/coc/extensions/coc-lua-data/lua-language-server/main.lua:68]: Lua Lsp startup, root: 	/Users/AlexandruDimian/.config/coc/extensions/coc-lua-data/lua-language-server
[09:28:08.329][info] [#0:/Users/AlexandruDimian/.config/coc/extensions/coc-lua-data/lua-language-server/main.lua:69]: ROOT:	/Users/AlexandruDimian/.config/coc/extensions/coc-lua-data/lua-language-server
[09:28:08.329][info] [#0:/Users/AlexandruDimian/.config/coc/extensions/coc-lua-data/lua-language-server/main.lua:70]: LOGPATH:	/Users/AlexandruDimian/.config/coc/extensions/coc-lua-data/lua-language-server/log
[09:28:08.329][info] [#0:/Users/AlexandruDimian/.config/coc/extensions/coc-lua-data/lua-language-server/main.lua:71]: METAPATH:	/Users/AlexandruDimian/.config/coc/extensions/coc-lua-data/lua-language-server/meta
[09:28:08.330][info] [#0:/Users/AlexandruDimian/.config/coc/extensions/coc-lua-data/lua-language-server/main.lua:72]: VERSION:	3.11.1
[09:28:08.362][info] [#0:script/proto/proto.lua:260]: Listen Mode: stdio
[09:28:08.362][info] [#0:script/service/service.lua:145]: 
========= Medical Examination Report =========
    --------------- Memory ---------------
        Total: 2.247 MB
        # 00 : 2.247 MB
        # 01 : 0.000 MB
        # 02 : 0.000 MB
        # 03 : 0.000 MB
        # 04 : 0.000 MB
    --------------- Coroutine ---------------
        Total:     0
        Running:   0
        Suspended: 0
        Normal:    0
        Dead:      0
    --------------- Cache ---------------
        Total: 1
        Dead:  0
    ---------------  RPC  ---------------
        Holdon:   0
        Waiting:  0
==============================================
[09:28:08.473][info] [#0:script/client.lua:657]: Client init	{
  capabilities = {
    general = {
      markdown = {
        parser = "marked",
        version = "7.0.5"
      },
      positionEncodings = { "utf-16" },
      regularExpressions = {
        engine = "ECMAScript",
        version = "ES2020"
      },
      staleRequestSupport = {
        cancel = true,
        retryOnContentModified = { "textDocument/inlayHint", "textDocument/semanticTokens/full", "textDocument/semanticTokens/range", "textDocument/semanticTokens/full/delta" }
      }
    },
    textDocument = {
      callHierarchy = {
        dynamicRegistration = true
      },
      codeAction = {
        codeActionLiteralSupport = {
          codeActionKind = {
            valueSet = { "", "quickfix", "refactor", "refactor.extract", "refactor.inline", "refactor.rewrite", "source", "source.organizeImports" }
          }
        },
        dataSupport = true,
        disabledSupport = true,
        dynamicRegistration = true,
        honorsChangeAnnotations = false,
        isPreferredSupport = true,
        resolveSupport = {
          properties = { "edit" }
        }
      },
      codeLens = {
        dynamicRegistration = true
      },
      colorProvider = {
        dynamicRegistration = true
      },
      completion = {
        completionItem = {
          commitCharactersSupport = true,
          deprecatedSupport = true,
          documentationFormat = { "markdown", "plaintext" },
          insertReplaceSupport = true,
          insertTextModeSupport = {
            valueSet = { 1, 2 }
          },
          labelDetailsSupport = true,
          preselectSupport = true,
          resolveSupport = {
            properties = { "documentation", "detail", "additionalTextEdits" }
          },
          snippetSupport = true,
          tagSupport = {
            valueSet = { 1 }
          }
        },
        completionItemKind = {
          valueSet = { 1, 2, 3, 4, 5, 6, 7, 8, 9, 10, 11, 12, 13, 14, 15, 16, 17, 18, 19, 20, 21, 22, 23, 24, 25 }
        },
        completionList = {
          itemDefaults = { "commitCharacters", "editRange", "insertTextFormat", "insertTextMode" }
        },
        contextSupport = true,
        dynamicRegistration = true,
        insertTextMode = 2
      },
      declaration = {
        dynamicRegistration = true,
        linkSupport = true
      },
      definition = {
        dynamicRegistration = true,
        linkSupport = true
      },
      diagnostic = {
        dynamicRegistration = true,
        relatedDocumentSupport = true
      },
      documentHighlight = {
        dynamicRegistration = true
      },
      documentLink = {
        dynamicRegistration = true,
        tooltipSupport = true
      },
      documentSymbol = {
        dynamicRegistration = true,
        hierarchicalDocumentSymbolSupport = true,
        labelSupport = true,
        symbolKind = {
          valueSet = { 1, 2, 3, 4, 5, 6, 7, 8, 9, 10, 11, 12, 13, 14, 15, 16, 17, 18, 19, 20, 21, 22, 23, 24, 25, 26 }
        },
        tagSupport = {
          valueSet = { 1 }
        }
      },
      foldingRange = {
        dynamicRegistration = true,
        foldingRange = {
          collapsedText = false
        },
        foldingRangeKind = {
          valueSet = { "comment", "imports", "region" }
        },
        lineFoldingOnly = true,
        rangeLimit = 5000
      },
      formatting = {
        dynamicRegistration = true
      },
      hover = {
        contentFormat = { "markdown", "plaintext" },
        dynamicRegistration = true
      },
      implementation = {
        dynamicRegistration = true,
        linkSupport = true
      },
      inlayHint = {
        dynamicRegistration = true,
        resolveSupport = {
          properties = { "tooltip", "textEdits", "label.tooltip", "label.location", "label.command" }
        }
      },
      inlineValue = {
        dynamicRegistration = true
      },
      linkedEditingRange = {
        dynamicRegistration = true
      },
      onTypeFormatting = {
        dynamicRegistration = true
      },
      publishDiagnostics = {
        codeDescriptionSupport = true,
        dataSupport = true,
        relatedInformation = true,
        tagSupport = {
          valueSet = { 1, 2 }
        },
        versionSupport = true
      },
      rangeFormatting = {
        dynamicRegistration = true
      },
      references = {
        dynamicRegistration = true
      },
      rename = {
        dynamicRegistration = true,
        honorsChangeAnnotations = true,
        prepareSupport = true,
        prepareSupportDefaultBehavior = 1
      },
      selectionRange = {
        dynamicRegistration = true
      },
      semanticTokens = {
        augmentsSyntaxTokens = true,
        dynamicRegistration = true,
        formats = { "relative" },
        multilineTokenSupport = false,
        overlappingTokenSupport = false,
        requests = {
          full = {
            delta = true
          },
          range = true
        },
        serverCancelSupport = true,
        tokenModifiers = { "declaration", "definition", "readonly", "static", "deprecated", "abstract", "async", "modification", "documentation", "defaultLibrary" },
        tokenTypes = { "namespace", "type", "class", "enum", "interface", "struct", "typeParameter", "parameter", "variable", "property", "enumMember", "event", "function", "method", "macro", "keyword", "modifier", "comment", "string", "number", "regexp", "decorator", "operator" }
      },
      signatureHelp = {
        contextSupport = true,
        dynamicRegistration = true,
        signatureInformation = {
          activeParameterSupport = true,
          documentationFormat = { "markdown", "plaintext" },
          parameterInformation = {
            labelOffsetSupport = true
          }
        }
      },
      synchronization = {
        didSave = true,
        dynamicRegistration = true,
        willSave = true,
        willSaveWaitUntil = true
      },
      typeDefinition = {
        dynamicRegistration = true,
        linkSupport = true
      },
      typeHierarchy = {
        dynamicRegistration = true
      }
    },
    window = {
      showDocument = {
        support = true
      },
      showMessage = {
        messageActionItem = {
          additionalPropertiesSupport = true
        }
      },
      workDoneProgress = true
    },
    workspace = {
      applyEdit = true,
      codeLens = {
        refreshSupport = true
      },
      configuration = true,
      diagnostics = {
        refreshSupport = true
      },
      didChangeConfiguration = {
        dynamicRegistration = true
      },
      didChangeWatchedFiles = {
        dynamicRegistration = true,
        relativePatternSupport = true
      },
      executeCommand = {
        dynamicRegistration = true
      },
      fileOperations = {
        didCreate = true,
        didDelete = true,
        didRename = true,
        dynamicRegistration = true,
        willCreate = true,
        willDelete = true,
        willRename = true
      },
      inlayHint = {
        refreshSupport = true
      },
      inlineValue = {
        refreshSupport = true
      },
      semanticTokens = {
        refreshSupport = true
      },
      symbol = {
        dynamicRegistration = true,
        resolveSupport = {
          properties = { "location.range" }
        },
        symbolKind = {
          valueSet = { 1, 2, 3, 4, 5, 6, 7, 8, 9, 10, 11, 12, 13, 14, 15, 16, 17, 18, 19, 20, 21, 22, 23, 24, 25, 26 }
        },
        tagSupport = {
          valueSet = { 1 }
        }
      },
      workspaceEdit = {
        changeAnnotationSupport = {
          groupsOnLabel = false
        },
        documentChanges = true,
        failureHandling = "undo",
        normalizesLineEndings = true,
        resourceOperations = { "create", "rename", "delete" }
      },
      workspaceFolders = true
    }
  },
  clientInfo = {
    name = "coc.nvim",
    version = "0.0.82"
  },
  initializationOptions = {
    changeConfiguration = true
  },
  locale = "en_US",
  processId = 38490,
  rootPath = "/Users/AlexandruDimian/github/homeday/homeday",
  rootUri = "file:///Users/AlexandruDimian/github/homeday/homeday",
  trace = "off",
  workDoneToken = "3ab91db4-b77e-4589-b535-70e6ab2093b4",
  workspaceFolders = { {
      name = "homeday",
      uri = "file:///Users/AlexandruDimian/github/homeday/homeday"
    } }
}
[09:28:08.474][info] [#0:script/language.lua:137]: VSC language: en_US
[09:28:08.474][info] [#0:script/language.lua:138]: LS  language: en-us
[09:28:08.474][info] [#0:script/workspace/workspace.lua:38]: Workspace init root: 	file:///Users/AlexandruDimian/github/homeday/homeday
[09:28:08.474][info] [#0:script/workspace/workspace.lua:42]: Log path: 	/Users/AlexandruDimian/.config/coc/extensions/coc-lua-data/lua-language-server/log/file_Users_AlexandruDimian_github_homeday_homeday.log
[09:28:08.475][info] [#0:script/workspace/workspace.lua:48]: Workspace create: 	file:///Users/AlexandruDimian/github/homeday/homeday
[09:28:08.795][info] [#0:script/provider/provider.lua:48]: Load config from client	file:///Users/AlexandruDimian/github/homeday/homeday
[09:28:08.796][info] [#0:script/provider/provider.lua:49]: {
  Lua = {
    addonManager = {
      enable = true
    },
    codeLens = {
      enable = false
    },
    completion = {
      autoRequire = true,
      callSnippet = "Disable",
      displayContext = 0,
      enable = true,
      keywordSnippet = "Replace",
      postfix = "@",
      requireSeparator = ".",
      showParams = true,
      showWord = "Fallback",
      workspaceWord = true
    },
    diagnostics = {
      disable = {},
      disableScheme = { "git" },
      enable = true,
      globals = { "vim" },
      ignoredFiles = "Opened",
      libraryFiles = "Opened",
      unusedLocalExclude = {},
      workspaceDelay = 3000,
      workspaceEvent = "OnSave",
      workspaceRate = 100
    },
    doc = {
      packageName = {},
      privateName = {},
      protectedName = {}
    },
    format = {
      defaultConfig = {},
      enable = true
    },
    hint = {
      arrayIndex = "Auto",
      await = true,
      enable = false,
      paramName = "All",
      paramType = true,
      semicolon = "SameLine",
      setType = false
    },
    hover = {
      enable = true,
      enumsLimit = 5,
      expandAlias = true,
      previewFields = 50,
      viewNumber = true,
      viewString = true,
      viewStringMax = 1000
    },
    misc = {
      executablePath = "",
      parameters = {}
    },
    runtime = {
      fileEncoding = "utf8",
      meta = "${version} ${language} ${encoding}",
      nonstandardSymbol = {},
      path = { "?.lua", "?/init.lua" },
      pathStrict = false,
      plugin = "",
      pluginArgs = {},
      special = {},
      unicodeName = false,
      version = "Lua 5.4"
    },
    semantic = {
      annotation = true,
      enable = true,
      keyword = false,
      variable = true
    },
    signatureHelp = {
      enable = true
    },
    spell = {
      dict = {}
    },
    type = {
      castNumberToInteger = true,
      weakNilCheck = false,
      weakUnionCheck = false
    },
    window = {
      progressBar = true,
      statusBar = true
    },
    workspace = {
      checkThirdParty = true,
      ignoreDir = { ".vscode" },
      ignoreSubmodules = true,
      library = {},
      maxPreload = 5000,
      preloadFileSize = 500,
      useGitIgnore = true,
      userThirdParty = {}
    }
  }
}
[09:28:08.901][info] [#0:script/provider/completion.lua:43]: Enable completion.
[09:28:08.902][info] [#0:script/provider/provider.lua:64]: Load config from client	fallback
[09:28:08.903][info] [#0:script/provider/provider.lua:65]: {
  Lua = {
    addonManager = {
      enable = true
    },
    codeLens = {
      enable = false
    },
    completion = {
      autoRequire = true,
      callSnippet = "Disable",
      displayContext = 0,
      enable = true,
      keywordSnippet = "Replace",
      postfix = "@",
      requireSeparator = ".",
      showParams = true,
      showWord = "Fallback",
      workspaceWord = true
    },
    diagnostics = {
      disable = {},
      disableScheme = { "git" },
      enable = true,
      globals = { "vim" },
      ignoredFiles = "Opened",
      libraryFiles = "Opened",
      unusedLocalExclude = {},
      workspaceDelay = 3000,
      workspaceEvent = "OnSave",
      workspaceRate = 100
    },
    doc = {
      packageName = {},
      privateName = {},
      protectedName = {}
    },
    format = {
      defaultConfig = {},
      enable = true
    },
    hint = {
      arrayIndex = "Auto",
      await = true,
      enable = false,
      paramName = "All",
      paramType = true,
      semicolon = "SameLine",
      setType = false
    },
    hover = {
      enable = true,
      enumsLimit = 5,
      expandAlias = true,
      previewFields = 50,
      viewNumber = true,
      viewString = true,
      viewStringMax = 1000
    },
    misc = {
      executablePath = "",
      parameters = {}
    },
    runtime = {
      fileEncoding = "utf8",
      meta = "${version} ${language} ${encoding}",
      nonstandardSymbol = {},
      path = { "?.lua", "?/init.lua" },
      pathStrict = false,
      plugin = "",
      pluginArgs = {},
      special = {},
      unicodeName = false,
      version = "Lua 5.4"
    },
    semantic = {
      annotation = true,
      enable = true,
      keyword = false,
      variable = true
    },
    signatureHelp = {
      enable = true
    },
    spell = {
      dict = {}
    },
    type = {
      castNumberToInteger = true,
      weakNilCheck = false,
      weakUnionCheck = false
    },
    window = {
      progressBar = true,
      statusBar = true
    },
    workspace = {
      checkThirdParty = true,
      ignoreDir = { ".vscode" },
      ignoreSubmodules = true,
      library = {},
      maxPreload = 5000,
      preloadFileSize = 500,
      useGitIgnore = true,
      userThirdParty = {}
    }
  }
}
[09:28:09.133][info] [#0:script/plugin.lua:125]: plugin path:	/Users/AlexandruDimian/github/homeday/homeday
[09:28:09.133][warn] [#0:script/plugin.lua:140]: plugin not found:	/Users/AlexandruDimian/github/homeday/homeday
[09:28:09.133][info] [#0:script/library.lua:212]: Init builtin library at:	file:///Users/AlexandruDimian/github/homeday/homeday
[09:28:09.152][info] [#0:script/library.lua:212]: Init builtin library at:	nil
[09:28:09.261][info] [#0:script/workspace/workspace.lua:324]: Preload start:	file:///Users/AlexandruDimian/github/homeday/homeday
[09:28:09.265][info] [#0:script/workspace/workspace.lua:330]: Scan files at:	file:///Users/AlexandruDimian/github/homeday/homeday
[09:28:09.267][info] [#0:script/workspace/workspace.lua:324]: Preload start:	<fallback>
[09:28:09.269][info] [#0:script/workspace/workspace.lua:353]: Scan library at:	file:///Users/AlexandruDimian/.config/coc/extensions/coc-lua-data/lua-language-server/meta/Lua%205.4%20en-us%20utf8/table.lua
[09:28:09.269][info] [#0:script/workspace/workspace.lua:353]: Scan library at:	file:///Users/AlexandruDimian/.config/coc/extensions/coc-lua-data/lua-language-server/meta/Lua%205.4%20en-us%20utf8/basic.lua
[09:28:09.269][info] [#0:script/workspace/workspace.lua:353]: Scan library at:	file:///Users/AlexandruDimian/.config/coc/extensions/coc-lua-data/lua-language-server/meta/Lua%205.4%20en-us%20utf8/utf8.lua
[09:28:09.269][info] [#0:script/workspace/workspace.lua:353]: Scan library at:	file:///Users/AlexandruDimian/.config/coc/extensions/coc-lua-data/lua-language-server/meta/Lua%205.4%20en-us%20utf8/math.lua
[09:28:09.270][info] [#0:script/workspace/workspace.lua:353]: Scan library at:	file:///Users/AlexandruDimian/.config/coc/extensions/coc-lua-data/lua-language-server/meta/Lua%205.4%20en-us%20utf8/os.lua
[09:28:09.270][info] [#0:script/workspace/workspace.lua:353]: Scan library at:	file:///Users/AlexandruDimian/.config/coc/extensions/coc-lua-data/lua-language-server/meta/Lua%205.4%20en-us%20utf8/package.lua
[09:28:09.270][info] [#0:script/workspace/workspace.lua:353]: Scan library at:	file:///Users/AlexandruDimian/.config/coc/extensions/coc-lua-data/lua-language-server/meta/Lua%205.4%20en-us%20utf8/string.lua
[09:28:09.270][info] [#0:script/workspace/workspace.lua:353]: Scan library at:	file:///Users/AlexandruDimian/.config/coc/extensions/coc-lua-data/lua-language-server/meta/Lua%205.4%20en-us%20utf8/builtin.lua
[09:28:09.270][info] [#0:script/workspace/workspace.lua:353]: Scan library at:	file:///Users/AlexandruDimian/.config/coc/extensions/coc-lua-data/lua-language-server/meta/Lua%205.4%20en-us%20utf8/debug.lua
[09:28:09.271][info] [#0:script/workspace/workspace.lua:353]: Scan library at:	file:///Users/AlexandruDimian/.config/coc/extensions/coc-lua-data/lua-language-server/meta/Lua%205.4%20en-us%20utf8/coroutine.lua
[09:28:09.271][info] [#0:script/workspace/workspace.lua:353]: Scan library at:	file:///Users/AlexandruDimian/.config/coc/extensions/coc-lua-data/lua-language-server/meta/Lua%205.4%20en-us%20utf8/io.lua
[09:28:09.371][info] [#0:script/workspace/workspace.lua:379]: Found 11 files at:	<fallback>
[09:28:09.371][info] [#0:script/workspace/loading.lua:160]: Load files from disk:	<fallback>
[09:28:09.371][info] [#0:script/workspace/loading.lua:100]: Preload file at: file:///Users/AlexandruDimian/.config/coc/extensions/coc-lua-data/lua-language-server/meta/Lua%205.4%20en-us%20utf8/coroutine.lua , size = 2.590 KB
[09:28:09.372][info] [#0:script/workspace/loading.lua:112]: ++++As library of:	file:///Users/AlexandruDimian/.config/coc/extensions/coc-lua-data/lua-language-server/meta/Lua%205.4%20en-us%20utf8/coroutine.lua
[09:28:09.372][info] [#0:script/workspace/loading.lua:100]: Preload file at: file:///Users/AlexandruDimian/.config/coc/extensions/coc-lua-data/lua-language-server/meta/Lua%205.4%20en-us%20utf8/io.lua , size = 6.364 KB
[09:28:09.374][info] [#0:script/workspace/loading.lua:112]: ++++As library of:	file:///Users/AlexandruDimian/.config/coc/extensions/coc-lua-data/lua-language-server/meta/Lua%205.4%20en-us%20utf8/io.lua
[09:28:09.374][info] [#0:script/workspace/loading.lua:100]: Preload file at: file:///Users/AlexandruDimian/.config/coc/extensions/coc-lua-data/lua-language-server/meta/Lua%205.4%20en-us%20utf8/builtin.lua , size = 0.302 KB
[09:28:09.374][info] [#0:script/workspace/loading.lua:112]: ++++As library of:	file:///Users/AlexandruDimian/.config/coc/extensions/coc-lua-data/lua-language-server/meta/Lua%205.4%20en-us%20utf8/builtin.lua
[09:28:09.374][info] [#0:script/workspace/loading.lua:100]: Preload file at: file:///Users/AlexandruDimian/.config/coc/extensions/coc-lua-data/lua-language-server/meta/Lua%205.4%20en-us%20utf8/debug.lua , size = 7.637 KB
[09:28:09.378][info] [#0:script/workspace/loading.lua:112]: ++++As library of:	file:///Users/AlexandruDimian/.config/coc/extensions/coc-lua-data/lua-language-server/meta/Lua%205.4%20en-us%20utf8/debug.lua
[09:28:09.378][info] [#0:script/workspace/loading.lua:100]: Preload file at: file:///Users/AlexandruDimian/.config/coc/extensions/coc-lua-data/lua-language-server/meta/Lua%205.4%20en-us%20utf8/string.lua , size = 6.327 KB
[09:28:09.379][info] [#0:script/workspace/loading.lua:112]: ++++As library of:	file:///Users/AlexandruDimian/.config/coc/extensions/coc-lua-data/lua-language-server/meta/Lua%205.4%20en-us%20utf8/string.lua
[09:28:09.379][info] [#0:script/workspace/loading.lua:100]: Preload file at: file:///Users/AlexandruDimian/.config/coc/extensions/coc-lua-data/lua-language-server/meta/Lua%205.4%20en-us%20utf8/package.lua , size = 2.944 KB
[09:28:09.380][info] [#0:script/workspace/loading.lua:112]: ++++As library of:	file:///Users/AlexandruDimian/.config/coc/extensions/coc-lua-data/lua-language-server/meta/Lua%205.4%20en-us%20utf8/package.lua
[09:28:09.380][info] [#0:script/workspace/loading.lua:100]: Preload file at: file:///Users/AlexandruDimian/.config/coc/extensions/coc-lua-data/lua-language-server/meta/Lua%205.4%20en-us%20utf8/os.lua , size = 5.600 KB
[09:28:09.382][info] [#0:script/workspace/loading.lua:112]: ++++As library of:	file:///Users/AlexandruDimian/.config/coc/extensions/coc-lua-data/lua-language-server/meta/Lua%205.4%20en-us%20utf8/os.lua
[09:28:09.382][info] [#0:script/workspace/loading.lua:100]: Preload file at: file:///Users/AlexandruDimian/.config/coc/extensions/coc-lua-data/lua-language-server/meta/Lua%205.4%20en-us%20utf8/math.lua , size = 8.509 KB
[09:28:09.384][info] [#0:script/workspace/loading.lua:112]: ++++As library of:	file:///Users/AlexandruDimian/.config/coc/extensions/coc-lua-data/lua-language-server/meta/Lua%205.4%20en-us%20utf8/math.lua
[09:28:09.384][info] [#0:script/workspace/loading.lua:100]: Preload file at: file:///Users/AlexandruDimian/.config/coc/extensions/coc-lua-data/lua-language-server/meta/Lua%205.4%20en-us%20utf8/utf8.lua , size = 2.386 KB
[09:28:09.385][info] [#0:script/workspace/loading.lua:112]: ++++As library of:	file:///Users/AlexandruDimian/.config/coc/extensions/coc-lua-data/lua-language-server/meta/Lua%205.4%20en-us%20utf8/utf8.lua
[09:28:09.385][info] [#0:script/workspace/loading.lua:100]: Preload file at: file:///Users/AlexandruDimian/.config/coc/extensions/coc-lua-data/lua-language-server/meta/Lua%205.4%20en-us%20utf8/table.lua , size = 4.235 KB
[09:28:09.387][info] [#0:script/workspace/loading.lua:112]: ++++As library of:	file:///Users/AlexandruDimian/.config/coc/extensions/coc-lua-data/lua-language-server/meta/Lua%205.4%20en-us%20utf8/table.lua
[09:28:09.387][info] [#0:script/workspace/loading.lua:100]: Preload file at: file:///Users/AlexandruDimian/.config/coc/extensions/coc-lua-data/lua-language-server/meta/Lua%205.4%20en-us%20utf8/basic.lua , size = 15.621 KB
[09:28:09.391][info] [#0:script/workspace/loading.lua:112]: ++++As library of:	file:///Users/AlexandruDimian/.config/coc/extensions/coc-lua-data/lua-language-server/meta/Lua%205.4%20en-us%20utf8/basic.lua
[09:28:09.471][info] [#0:script/workspace/loading.lua:172]: Loaded files takes [0.101] sec: <fallback>
[09:28:09.471][info] [#0:script/workspace/loading.lua:181]: Compile files takes [0.000] sec: <fallback>
[09:28:09.471][info] [#0:script/workspace/loading.lua:182]: Loaded finish:	<fallback>
[09:28:09.471][info] [#0:script/workspace/workspace.lua:381]: Preload finish at:	<fallback>
[09:28:09.537][info] [#0:script/workspace/workspace.lua:353]: Scan library at:	file:///Users/AlexandruDimian/.config/coc/extensions/coc-lua-data/lua-language-server/meta/Lua%205.4%20en-us%20utf8/table.lua
[09:28:09.538][info] [#0:script/workspace/workspace.lua:353]: Scan library at:	file:///Users/AlexandruDimian/.config/coc/extensions/coc-lua-data/lua-language-server/meta/Lua%205.4%20en-us%20utf8/basic.lua
[09:28:09.538][info] [#0:script/workspace/workspace.lua:353]: Scan library at:	file:///Users/AlexandruDimian/.config/coc/extensions/coc-lua-data/lua-language-server/meta/Lua%205.4%20en-us%20utf8/utf8.lua
[09:28:09.538][info] [#0:script/workspace/workspace.lua:353]: Scan library at:	file:///Users/AlexandruDimian/.config/coc/extensions/coc-lua-data/lua-language-server/meta/Lua%205.4%20en-us%20utf8/math.lua
[09:28:09.538][info] [#0:script/workspace/workspace.lua:353]: Scan library at:	file:///Users/AlexandruDimian/.config/coc/extensions/coc-lua-data/lua-language-server/meta/Lua%205.4%20en-us%20utf8/os.lua
[09:28:09.538][info] [#0:script/workspace/workspace.lua:353]: Scan library at:	file:///Users/AlexandruDimian/.config/coc/extensions/coc-lua-data/lua-language-server/meta/Lua%205.4%20en-us%20utf8/package.lua
[09:28:09.538][info] [#0:script/workspace/workspace.lua:353]: Scan library at:	file:///Users/AlexandruDimian/.config/coc/extensions/coc-lua-data/lua-language-server/meta/Lua%205.4%20en-us%20utf8/string.lua
[09:28:09.538][info] [#0:script/workspace/workspace.lua:353]: Scan library at:	file:///Users/AlexandruDimian/.config/coc/extensions/coc-lua-data/lua-language-server/meta/Lua%205.4%20en-us%20utf8/builtin.lua
[09:28:09.538][info] [#0:script/workspace/workspace.lua:353]: Scan library at:	file:///Users/AlexandruDimian/.config/coc/extensions/coc-lua-data/lua-language-server/meta/Lua%205.4%20en-us%20utf8/debug.lua
[09:28:09.538][info] [#0:script/workspace/workspace.lua:353]: Scan library at:	file:///Users/AlexandruDimian/.config/coc/extensions/coc-lua-data/lua-language-server/meta/Lua%205.4%20en-us%20utf8/coroutine.lua
[09:28:09.538][info] [#0:script/workspace/workspace.lua:353]: Scan library at:	file:///Users/AlexandruDimian/.config/coc/extensions/coc-lua-data/lua-language-server/meta/Lua%205.4%20en-us%20utf8/io.lua
[09:28:09.643][info] [#0:script/workspace/workspace.lua:379]: Found 11 files at:	file:///Users/AlexandruDimian/github/homeday/homeday
[09:28:09.643][info] [#0:script/workspace/loading.lua:160]: Load files from disk:	file:///Users/AlexandruDimian/github/homeday/homeday
[09:28:09.643][info] [#0:script/workspace/loading.lua:88]: Skip loaded file: file:///Users/AlexandruDimian/.config/coc/extensions/coc-lua-data/lua-language-server/meta/Lua%205.4%20en-us%20utf8/io.lua
[09:28:09.643][info] [#0:script/workspace/loading.lua:112]: ++++As library of:	file:///Users/AlexandruDimian/.config/coc/extensions/coc-lua-data/lua-language-server/meta/Lua%205.4%20en-us%20utf8/io.lua
[09:28:09.646][info] [#0:script/workspace/loading.lua:88]: Skip loaded file: file:///Users/AlexandruDimian/.config/coc/extensions/coc-lua-data/lua-language-server/meta/Lua%205.4%20en-us%20utf8/coroutine.lua
[09:28:09.646][info] [#0:script/workspace/loading.lua:112]: ++++As library of:	file:///Users/AlexandruDimian/.config/coc/extensions/coc-lua-data/lua-language-server/meta/Lua%205.4%20en-us%20utf8/coroutine.lua
[09:28:09.649][info] [#0:script/workspace/loading.lua:88]: Skip loaded file: file:///Users/AlexandruDimian/.config/coc/extensions/coc-lua-data/lua-language-server/meta/Lua%205.4%20en-us%20utf8/debug.lua
[09:28:09.649][info] [#0:script/workspace/loading.lua:112]: ++++As library of:	file:///Users/AlexandruDimian/.config/coc/extensions/coc-lua-data/lua-language-server/meta/Lua%205.4%20en-us%20utf8/debug.lua
[09:28:09.652][info] [#0:script/workspace/loading.lua:88]: Skip loaded file: file:///Users/AlexandruDimian/.config/coc/extensions/coc-lua-data/lua-language-server/meta/Lua%205.4%20en-us%20utf8/builtin.lua
[09:28:09.652][info] [#0:script/workspace/loading.lua:112]: ++++As library of:	file:///Users/AlexandruDimian/.config/coc/extensions/coc-lua-data/lua-language-server/meta/Lua%205.4%20en-us%20utf8/builtin.lua
[09:28:09.654][info] [#0:script/workspace/loading.lua:88]: Skip loaded file: file:///Users/AlexandruDimian/.config/coc/extensions/coc-lua-data/lua-language-server/meta/Lua%205.4%20en-us%20utf8/string.lua
[09:28:09.654][info] [#0:script/workspace/loading.lua:112]: ++++As library of:	file:///Users/AlexandruDimian/.config/coc/extensions/coc-lua-data/lua-language-server/meta/Lua%205.4%20en-us%20utf8/string.lua
[09:28:09.657][info] [#0:script/workspace/loading.lua:88]: Skip loaded file: file:///Users/AlexandruDimian/.config/coc/extensions/coc-lua-data/lua-language-server/meta/Lua%205.4%20en-us%20utf8/package.lua
[09:28:09.657][info] [#0:script/workspace/loading.lua:112]: ++++As library of:	file:///Users/AlexandruDimian/.config/coc/extensions/coc-lua-data/lua-language-server/meta/Lua%205.4%20en-us%20utf8/package.lua
[09:28:09.660][info] [#0:script/workspace/loading.lua:88]: Skip loaded file: file:///Users/AlexandruDimian/.config/coc/extensions/coc-lua-data/lua-language-server/meta/Lua%205.4%20en-us%20utf8/os.lua
[09:28:09.660][info] [#0:script/workspace/loading.lua:112]: ++++As library of:	file:///Users/AlexandruDimian/.config/coc/extensions/coc-lua-data/lua-language-server/meta/Lua%205.4%20en-us%20utf8/os.lua
[09:28:09.662][info] [#0:script/workspace/loading.lua:88]: Skip loaded file: file:///Users/AlexandruDimian/.config/coc/extensions/coc-lua-data/lua-language-server/meta/Lua%205.4%20en-us%20utf8/math.lua
[09:28:09.662][info] [#0:script/workspace/loading.lua:112]: ++++As library of:	file:///Users/AlexandruDimian/.config/coc/extensions/coc-lua-data/lua-language-server/meta/Lua%205.4%20en-us%20utf8/math.lua
[09:28:09.665][info] [#0:script/workspace/loading.lua:88]: Skip loaded file: file:///Users/AlexandruDimian/.config/coc/extensions/coc-lua-data/lua-language-server/meta/Lua%205.4%20en-us%20utf8/utf8.lua
[09:28:09.665][info] [#0:script/workspace/loading.lua:112]: ++++As library of:	file:///Users/AlexandruDimian/.config/coc/extensions/coc-lua-data/lua-language-server/meta/Lua%205.4%20en-us%20utf8/utf8.lua
[09:28:09.667][info] [#0:script/workspace/loading.lua:88]: Skip loaded file: file:///Users/AlexandruDimian/.config/coc/extensions/coc-lua-data/lua-language-server/meta/Lua%205.4%20en-us%20utf8/basic.lua
[09:28:09.667][info] [#0:script/workspace/loading.lua:112]: ++++As library of:	file:///Users/AlexandruDimian/.config/coc/extensions/coc-lua-data/lua-language-server/meta/Lua%205.4%20en-us%20utf8/basic.lua
[09:28:09.669][info] [#0:script/workspace/loading.lua:88]: Skip loaded file: file:///Users/AlexandruDimian/.config/coc/extensions/coc-lua-data/lua-language-server/meta/Lua%205.4%20en-us%20utf8/table.lua
[09:28:09.669][info] [#0:script/workspace/loading.lua:112]: ++++As library of:	file:///Users/AlexandruDimian/.config/coc/extensions/coc-lua-data/lua-language-server/meta/Lua%205.4%20en-us%20utf8/table.lua
[09:28:09.671][info] [#0:script/workspace/loading.lua:172]: Loaded files takes [0.028] sec: file:///Users/AlexandruDimian/github/homeday/homeday
[09:28:09.671][info] [#0:script/workspace/loading.lua:181]: Compile files takes [0.000] sec: file:///Users/AlexandruDimian/github/homeday/homeday
[09:28:09.671][info] [#0:script/workspace/loading.lua:182]: Loaded finish:	file:///Users/AlexandruDimian/github/homeday/homeday
[09:28:09.671][info] [#0:script/workspace/workspace.lua:381]: Preload finish at:	file:///Users/AlexandruDimian/github/homeday/homeday
[09:28:09.674][info] [#0:script/provider/diagnostic.lua:560]: Diagnostics scope [file:///Users/AlexandruDimian/github/homeday/homeday], files count:[11]
[09:28:09.675][info] [#0:script/provider/diagnostic.lua:577]: Diagnostics scope [file:///Users/AlexandruDimian/github/homeday/homeday] finished, takes [0.000] sec.
[09:28:22.413][info] [#0:script/provider/provider.lua:173]: Server shutdown.
[09:28:22.518][warn] [#0:script/pub/report.lua:24]: Load proto error:	Disconnected!
