[16:46:30.699][info] [#0:/Users/AlexandruDimian/.config/coc/extensions/coc-lua-data/lua-language-server/main.lua:68]: Lua Lsp startup, root: 	/Users/AlexandruDimian/.config/coc/extensions/coc-lua-data/lua-language-server
[16:46:30.700][info] [#0:/Users/AlexandruDimian/.config/coc/extensions/coc-lua-data/lua-language-server/main.lua:69]: ROOT:	/Users/AlexandruDimian/.config/coc/extensions/coc-lua-data/lua-language-server
[16:46:30.700][info] [#0:/Users/AlexandruDimian/.config/coc/extensions/coc-lua-data/lua-language-server/main.lua:70]: LOGPATH:	/Users/AlexandruDimian/.config/coc/extensions/coc-lua-data/lua-language-server/log
[16:46:30.700][info] [#0:/Users/AlexandruDimian/.config/coc/extensions/coc-lua-data/lua-language-server/main.lua:71]: METAPATH:	/Users/AlexandruDimian/.config/coc/extensions/coc-lua-data/lua-language-server/meta
[16:46:30.700][info] [#0:/Users/AlexandruDimian/.config/coc/extensions/coc-lua-data/lua-language-server/main.lua:72]: VERSION:	3.11.1
[16:46:30.719][info] [#0:script/proto/proto.lua:260]: Listen Mode: stdio
[16:46:30.719][info] [#0:script/service/service.lua:145]: 
========= Medical Examination Report =========
    --------------- Memory ---------------
        Total: 2.247 MB
        # 00 : 2.247 MB
        # 01 : 0.000 MB
        # 02 : 0.000 MB
        # 03 : 0.000 MB
        # 04 : 0.000 MB
    --------------- Coroutine ---------------
        Total:     0
        Running:   0
        Suspended: 0
        Normal:    0
        Dead:      0
    --------------- Cache ---------------
        Total: 1
        Dead:  0
    ---------------  RPC  ---------------
        Holdon:   0
        Waiting:  0
==============================================
[16:46:30.828][info] [#0:script/client.lua:657]: Client init	{
  capabilities = {
    general = {
      markdown = {
        parser = "marked",
        version = "7.0.5"
      },
      positionEncodings = { "utf-16" },
      regularExpressions = {
        engine = "ECMAScript",
        version = "ES2020"
      },
      staleRequestSupport = {
        cancel = true,
        retryOnContentModified = { "textDocument/inlayHint", "textDocument/semanticTokens/full", "textDocument/semanticTokens/range", "textDocument/semanticTokens/full/delta" }
      }
    },
    textDocument = {
      callHierarchy = {
        dynamicRegistration = true
      },
      codeAction = {
        codeActionLiteralSupport = {
          codeActionKind = {
            valueSet = { "", "quickfix", "refactor", "refactor.extract", "refactor.inline", "refactor.rewrite", "source", "source.organizeImports" }
          }
        },
        dataSupport = true,
        disabledSupport = true,
        dynamicRegistration = true,
        honorsChangeAnnotations = false,
        isPreferredSupport = true,
        resolveSupport = {
          properties = { "edit" }
        }
      },
      codeLens = {
        dynamicRegistration = true
      },
      colorProvider = {
        dynamicRegistration = true
      },
      completion = {
        completionItem = {
          commitCharactersSupport = true,
          deprecatedSupport = true,
          documentationFormat = { "markdown", "plaintext" },
          insertReplaceSupport = true,
          insertTextModeSupport = {
            valueSet = { 1, 2 }
          },
          labelDetailsSupport = true,
          preselectSupport = true,
          resolveSupport = {
            properties = { "documentation", "detail", "additionalTextEdits" }
          },
          snippetSupport = true,
          tagSupport = {
            valueSet = { 1 }
          }
        },
        completionItemKind = {
          valueSet = { 1, 2, 3, 4, 5, 6, 7, 8, 9, 10, 11, 12, 13, 14, 15, 16, 17, 18, 19, 20, 21, 22, 23, 24, 25 }
        },
        completionList = {
          itemDefaults = { "commitCharacters", "editRange", "insertTextFormat", "insertTextMode" }
        },
        contextSupport = true,
        dynamicRegistration = true,
        insertTextMode = 2
      },
      declaration = {
        dynamicRegistration = true,
        linkSupport = true
      },
      definition = {
        dynamicRegistration = true,
        linkSupport = true
      },
      diagnostic = {
        dynamicRegistration = true,
        relatedDocumentSupport = true
      },
      documentHighlight = {
        dynamicRegistration = true
      },
      documentLink = {
        dynamicRegistration = true,
        tooltipSupport = true
      },
      documentSymbol = {
        dynamicRegistration = true,
        hierarchicalDocumentSymbolSupport = true,
        labelSupport = true,
        symbolKind = {
          valueSet = { 1, 2, 3, 4, 5, 6, 7, 8, 9, 10, 11, 12, 13, 14, 15, 16, 17, 18, 19, 20, 21, 22, 23, 24, 25, 26 }
        },
        tagSupport = {
          valueSet = { 1 }
        }
      },
      foldingRange = {
        dynamicRegistration = true,
        foldingRange = {
          collapsedText = false
        },
        foldingRangeKind = {
          valueSet = { "comment", "imports", "region" }
        },
        lineFoldingOnly = true,
        rangeLimit = 5000
      },
      formatting = {
        dynamicRegistration = true
      },
      hover = {
        contentFormat = { "markdown", "plaintext" },
        dynamicRegistration = true
      },
      implementation = {
        dynamicRegistration = true,
        linkSupport = true
      },
      inlayHint = {
        dynamicRegistration = true,
        resolveSupport = {
          properties = { "tooltip", "textEdits", "label.tooltip", "label.location", "label.command" }
        }
      },
      inlineValue = {
        dynamicRegistration = true
      },
      linkedEditingRange = {
        dynamicRegistration = true
      },
      onTypeFormatting = {
        dynamicRegistration = true
      },
      publishDiagnostics = {
        codeDescriptionSupport = true,
        dataSupport = true,
        relatedInformation = true,
        tagSupport = {
          valueSet = { 1, 2 }
        },
        versionSupport = true
      },
      rangeFormatting = {
        dynamicRegistration = true
      },
      references = {
        dynamicRegistration = true
      },
      rename = {
        dynamicRegistration = true,
        honorsChangeAnnotations = true,
        prepareSupport = true,
        prepareSupportDefaultBehavior = 1
      },
      selectionRange = {
        dynamicRegistration = true
      },
      semanticTokens = {
        augmentsSyntaxTokens = true,
        dynamicRegistration = true,
        formats = { "relative" },
        multilineTokenSupport = false,
        overlappingTokenSupport = false,
        requests = {
          full = {
            delta = true
          },
          range = true
        },
        serverCancelSupport = true,
        tokenModifiers = { "declaration", "definition", "readonly", "static", "deprecated", "abstract", "async", "modification", "documentation", "defaultLibrary" },
        tokenTypes = { "namespace", "type", "class", "enum", "interface", "struct", "typeParameter", "parameter", "variable", "property", "enumMember", "event", "function", "method", "macro", "keyword", "modifier", "comment", "string", "number", "regexp", "decorator", "operator" }
      },
      signatureHelp = {
        contextSupport = true,
        dynamicRegistration = true,
        signatureInformation = {
          activeParameterSupport = true,
          documentationFormat = { "markdown", "plaintext" },
          parameterInformation = {
            labelOffsetSupport = true
          }
        }
      },
      synchronization = {
        didSave = true,
        dynamicRegistration = true,
        willSave = true,
        willSaveWaitUntil = true
      },
      typeDefinition = {
        dynamicRegistration = true,
        linkSupport = true
      },
      typeHierarchy = {
        dynamicRegistration = true
      }
    },
    window = {
      showDocument = {
        support = true
      },
      showMessage = {
        messageActionItem = {
          additionalPropertiesSupport = true
        }
      },
      workDoneProgress = true
    },
    workspace = {
      applyEdit = true,
      codeLens = {
        refreshSupport = true
      },
      configuration = true,
      diagnostics = {
        refreshSupport = true
      },
      didChangeConfiguration = {
        dynamicRegistration = true
      },
      didChangeWatchedFiles = {
        dynamicRegistration = true,
        relativePatternSupport = true
      },
      executeCommand = {
        dynamicRegistration = true
      },
      fileOperations = {
        didCreate = true,
        didDelete = true,
        didRename = true,
        dynamicRegistration = true,
        willCreate = true,
        willDelete = true,
        willRename = true
      },
      inlayHint = {
        refreshSupport = true
      },
      inlineValue = {
        refreshSupport = true
      },
      semanticTokens = {
        refreshSupport = true
      },
      symbol = {
        dynamicRegistration = true,
        resolveSupport = {
          properties = { "location.range" }
        },
        symbolKind = {
          valueSet = { 1, 2, 3, 4, 5, 6, 7, 8, 9, 10, 11, 12, 13, 14, 15, 16, 17, 18, 19, 20, 21, 22, 23, 24, 25, 26 }
        },
        tagSupport = {
          valueSet = { 1 }
        }
      },
      workspaceEdit = {
        changeAnnotationSupport = {
          groupsOnLabel = false
        },
        documentChanges = true,
        failureHandling = "undo",
        normalizesLineEndings = true,
        resourceOperations = { "create", "rename", "delete" }
      },
      workspaceFolders = true
    }
  },
  clientInfo = {
    name = "coc.nvim",
    version = "0.0.82"
  },
  initializationOptions = {
    changeConfiguration = true
  },
  locale = "en_US",
  processId = 3292,
  rootPath = "/",
  rootUri = "file:///",
  trace = "off",
  workDoneToken = "178561db-d093-4aed-a7df-1d7205278bd5"
}
[16:46:30.828][info] [#0:script/language.lua:137]: VSC language: en_US
[16:46:30.828][info] [#0:script/language.lua:138]: LS  language: en-us
[16:46:30.828][info] [#0:script/workspace/workspace.lua:38]: Workspace init root: 	file:///
[16:46:30.828][info] [#0:script/workspace/workspace.lua:42]: Log path: 	/Users/AlexandruDimian/.config/coc/extensions/coc-lua-data/lua-language-server/log/file_.log
[16:46:30.828][info] [#0:script/workspace/workspace.lua:48]: Workspace create: 	file:///
[16:46:30.829][info] [#0:script/client.lua:112]: ShowMessage	Error	Your workspace is set to `/`. Lua language server refused to load this directory. Please check your configuration.[learn more here](https://luals.github.io/wiki/faq#why-is-the-server-scanning-the-wrong-folder)
[16:46:31.143][info] [#0:script/provider/provider.lua:48]: Load config from client	file:///
[16:46:31.144][info] [#0:script/provider/provider.lua:49]: {
  Lua = {
    addonManager = {
      enable = true
    },
    codeLens = {
      enable = false
    },
    completion = {
      autoRequire = true,
      callSnippet = "Disable",
      displayContext = 0,
      enable = true,
      keywordSnippet = "Replace",
      postfix = "@",
      requireSeparator = ".",
      showParams = true,
      showWord = "Fallback",
      workspaceWord = true
    },
    diagnostics = {
      disable = {},
      disableScheme = { "git" },
      enable = true,
      globals = { "vim" },
      ignoredFiles = "Opened",
      libraryFiles = "Opened",
      unusedLocalExclude = {},
      workspaceDelay = 3000,
      workspaceEvent = "OnSave",
      workspaceRate = 100
    },
    doc = {
      packageName = {},
      privateName = {},
      protectedName = {}
    },
    format = {
      defaultConfig = {},
      enable = true
    },
    hint = {
      arrayIndex = "Auto",
      await = true,
      enable = false,
      paramName = "All",
      paramType = true,
      semicolon = "SameLine",
      setType = false
    },
    hover = {
      enable = true,
      enumsLimit = 5,
      expandAlias = true,
      previewFields = 50,
      viewNumber = true,
      viewString = true,
      viewStringMax = 1000
    },
    misc = {
      executablePath = "",
      parameters = {}
    },
    runtime = {
      fileEncoding = "utf8",
      meta = "${version} ${language} ${encoding}",
      nonstandardSymbol = {},
      path = { "?.lua", "?/init.lua" },
      pathStrict = false,
      plugin = "",
      pluginArgs = {},
      special = {},
      unicodeName = false,
      version = "Lua 5.4"
    },
    semantic = {
      annotation = true,
      enable = true,
      keyword = false,
      variable = true
    },
    signatureHelp = {
      enable = true
    },
    spell = {
      dict = {}
    },
    type = {
      castNumberToInteger = true,
      weakNilCheck = false,
      weakUnionCheck = false
    },
    window = {
      progressBar = true,
      statusBar = true
    },
    workspace = {
      checkThirdParty = true,
      ignoreDir = { ".vscode" },
      ignoreSubmodules = true,
      library = {},
      maxPreload = 5000,
      preloadFileSize = 500,
      useGitIgnore = true,
      userThirdParty = {}
    }
  }
}
[16:46:31.250][info] [#0:script/provider/completion.lua:43]: Enable completion.
[16:46:31.251][info] [#0:script/provider/provider.lua:64]: Load config from client	fallback
[16:46:31.252][info] [#0:script/provider/provider.lua:65]: {
  Lua = {
    addonManager = {
      enable = true
    },
    codeLens = {
      enable = false
    },
    completion = {
      autoRequire = true,
      callSnippet = "Disable",
      displayContext = 0,
      enable = true,
      keywordSnippet = "Replace",
      postfix = "@",
      requireSeparator = ".",
      showParams = true,
      showWord = "Fallback",
      workspaceWord = true
    },
    diagnostics = {
      disable = {},
      disableScheme = { "git" },
      enable = true,
      globals = { "vim" },
      ignoredFiles = "Opened",
      libraryFiles = "Opened",
      unusedLocalExclude = {},
      workspaceDelay = 3000,
      workspaceEvent = "OnSave",
      workspaceRate = 100
    },
    doc = {
      packageName = {},
      privateName = {},
      protectedName = {}
    },
    format = {
      defaultConfig = {},
      enable = true
    },
    hint = {
      arrayIndex = "Auto",
      await = true,
      enable = false,
      paramName = "All",
      paramType = true,
      semicolon = "SameLine",
      setType = false
    },
    hover = {
      enable = true,
      enumsLimit = 5,
      expandAlias = true,
      previewFields = 50,
      viewNumber = true,
      viewString = true,
      viewStringMax = 1000
    },
    misc = {
      executablePath = "",
      parameters = {}
    },
    runtime = {
      fileEncoding = "utf8",
      meta = "${version} ${language} ${encoding}",
      nonstandardSymbol = {},
      path = { "?.lua", "?/init.lua" },
      pathStrict = false,
      plugin = "",
      pluginArgs = {},
      special = {},
      unicodeName = false,
      version = "Lua 5.4"
    },
    semantic = {
      annotation = true,
      enable = true,
      keyword = false,
      variable = true
    },
    signatureHelp = {
      enable = true
    },
    spell = {
      dict = {}
    },
    type = {
      castNumberToInteger = true,
      weakNilCheck = false,
      weakUnionCheck = false
    },
    window = {
      progressBar = true,
      statusBar = true
    },
    workspace = {
      checkThirdParty = true,
      ignoreDir = { ".vscode" },
      ignoreSubmodules = true,
      library = {},
      maxPreload = 5000,
      preloadFileSize = 500,
      useGitIgnore = true,
      userThirdParty = {}
    }
  }
}
[16:46:31.480][info] [#0:script/plugin.lua:125]: plugin path:	
[16:46:31.480][warn] [#0:script/plugin.lua:140]: plugin not found:	
[16:46:31.480][info] [#0:script/library.lua:212]: Init builtin library at:	file:///
[16:46:31.494][info] [#0:script/library.lua:212]: Init builtin library at:	nil
[16:46:31.607][info] [#0:script/workspace/workspace.lua:324]: Preload start:	file:///
[16:46:31.612][info] [#0:script/workspace/workspace.lua:353]: Scan library at:	file:///Users/AlexandruDimian/.config/coc/extensions/coc-lua-data/lua-language-server/meta/Lua%205.4%20en-us%20utf8/table.lua
[16:46:31.612][info] [#0:script/workspace/workspace.lua:324]: Preload start:	<fallback>
[16:46:31.615][info] [#0:script/workspace/workspace.lua:353]: Scan library at:	file:///Users/AlexandruDimian/.config/coc/extensions/coc-lua-data/lua-language-server/meta/Lua%205.4%20en-us%20utf8/table.lua
[16:46:31.615][info] [#0:script/workspace/workspace.lua:353]: Scan library at:	file:///Users/AlexandruDimian/.config/coc/extensions/coc-lua-data/lua-language-server/meta/Lua%205.4%20en-us%20utf8/basic.lua
[16:46:31.615][info] [#0:script/workspace/workspace.lua:353]: Scan library at:	file:///Users/AlexandruDimian/.config/coc/extensions/coc-lua-data/lua-language-server/meta/Lua%205.4%20en-us%20utf8/basic.lua
[16:46:31.615][info] [#0:script/workspace/workspace.lua:353]: Scan library at:	file:///Users/AlexandruDimian/.config/coc/extensions/coc-lua-data/lua-language-server/meta/Lua%205.4%20en-us%20utf8/utf8.lua
[16:46:31.615][info] [#0:script/workspace/workspace.lua:353]: Scan library at:	file:///Users/AlexandruDimian/.config/coc/extensions/coc-lua-data/lua-language-server/meta/Lua%205.4%20en-us%20utf8/utf8.lua
[16:46:31.615][info] [#0:script/workspace/workspace.lua:353]: Scan library at:	file:///Users/AlexandruDimian/.config/coc/extensions/coc-lua-data/lua-language-server/meta/Lua%205.4%20en-us%20utf8/math.lua
[16:46:31.615][info] [#0:script/workspace/workspace.lua:353]: Scan library at:	file:///Users/AlexandruDimian/.config/coc/extensions/coc-lua-data/lua-language-server/meta/Lua%205.4%20en-us%20utf8/math.lua
[16:46:31.616][info] [#0:script/workspace/workspace.lua:353]: Scan library at:	file:///Users/AlexandruDimian/.config/coc/extensions/coc-lua-data/lua-language-server/meta/Lua%205.4%20en-us%20utf8/os.lua
[16:46:31.616][info] [#0:script/workspace/workspace.lua:353]: Scan library at:	file:///Users/AlexandruDimian/.config/coc/extensions/coc-lua-data/lua-language-server/meta/Lua%205.4%20en-us%20utf8/os.lua
[16:46:31.616][info] [#0:script/workspace/workspace.lua:353]: Scan library at:	file:///Users/AlexandruDimian/.config/coc/extensions/coc-lua-data/lua-language-server/meta/Lua%205.4%20en-us%20utf8/package.lua
[16:46:31.616][info] [#0:script/workspace/workspace.lua:353]: Scan library at:	file:///Users/AlexandruDimian/.config/coc/extensions/coc-lua-data/lua-language-server/meta/Lua%205.4%20en-us%20utf8/package.lua
[16:46:31.616][info] [#0:script/workspace/workspace.lua:353]: Scan library at:	file:///Users/AlexandruDimian/.config/coc/extensions/coc-lua-data/lua-language-server/meta/Lua%205.4%20en-us%20utf8/string.lua
[16:46:31.616][info] [#0:script/workspace/workspace.lua:353]: Scan library at:	file:///Users/AlexandruDimian/.config/coc/extensions/coc-lua-data/lua-language-server/meta/Lua%205.4%20en-us%20utf8/string.lua
[16:46:31.616][info] [#0:script/workspace/workspace.lua:353]: Scan library at:	file:///Users/AlexandruDimian/.config/coc/extensions/coc-lua-data/lua-language-server/meta/Lua%205.4%20en-us%20utf8/builtin.lua
[16:46:31.616][info] [#0:script/workspace/workspace.lua:353]: Scan library at:	file:///Users/AlexandruDimian/.config/coc/extensions/coc-lua-data/lua-language-server/meta/Lua%205.4%20en-us%20utf8/builtin.lua
[16:46:31.616][info] [#0:script/workspace/workspace.lua:353]: Scan library at:	file:///Users/AlexandruDimian/.config/coc/extensions/coc-lua-data/lua-language-server/meta/Lua%205.4%20en-us%20utf8/debug.lua
[16:46:31.616][info] [#0:script/workspace/workspace.lua:353]: Scan library at:	file:///Users/AlexandruDimian/.config/coc/extensions/coc-lua-data/lua-language-server/meta/Lua%205.4%20en-us%20utf8/debug.lua
[16:46:31.617][info] [#0:script/workspace/workspace.lua:353]: Scan library at:	file:///Users/AlexandruDimian/.config/coc/extensions/coc-lua-data/lua-language-server/meta/Lua%205.4%20en-us%20utf8/coroutine.lua
[16:46:31.617][info] [#0:script/workspace/workspace.lua:353]: Scan library at:	file:///Users/AlexandruDimian/.config/coc/extensions/coc-lua-data/lua-language-server/meta/Lua%205.4%20en-us%20utf8/coroutine.lua
[16:46:31.617][info] [#0:script/workspace/workspace.lua:353]: Scan library at:	file:///Users/AlexandruDimian/.config/coc/extensions/coc-lua-data/lua-language-server/meta/Lua%205.4%20en-us%20utf8/io.lua
[16:46:31.617][info] [#0:script/workspace/workspace.lua:353]: Scan library at:	file:///Users/AlexandruDimian/.config/coc/extensions/coc-lua-data/lua-language-server/meta/Lua%205.4%20en-us%20utf8/io.lua
[16:46:31.722][info] [#0:script/workspace/workspace.lua:379]: Found 11 files at:	file:///
[16:46:31.722][info] [#0:script/workspace/loading.lua:160]: Load files from disk:	file:///
[16:46:31.723][info] [#0:script/workspace/workspace.lua:379]: Found 11 files at:	<fallback>
[16:46:31.723][info] [#0:script/workspace/loading.lua:160]: Load files from disk:	<fallback>
[16:46:31.827][info] [#0:script/workspace/loading.lua:100]: Preload file at: file:///Users/AlexandruDimian/.config/coc/extensions/coc-lua-data/lua-language-server/meta/Lua%205.4%20en-us%20utf8/io.lua , size = 6.364 KB
[16:46:31.835][info] [#0:script/workspace/loading.lua:112]: ++++As library of:	file:///Users/AlexandruDimian/.config/coc/extensions/coc-lua-data/lua-language-server/meta/Lua%205.4%20en-us%20utf8/io.lua
[16:46:31.835][info] [#0:script/workspace/loading.lua:100]: Preload file at: file:///Users/AlexandruDimian/.config/coc/extensions/coc-lua-data/lua-language-server/meta/Lua%205.4%20en-us%20utf8/coroutine.lua , size = 2.590 KB
[16:46:31.838][info] [#0:script/workspace/loading.lua:112]: ++++As library of:	file:///Users/AlexandruDimian/.config/coc/extensions/coc-lua-data/lua-language-server/meta/Lua%205.4%20en-us%20utf8/coroutine.lua
[16:46:31.838][info] [#0:script/workspace/loading.lua:97]: Skip loaded file: file:///Users/AlexandruDimian/.config/coc/extensions/coc-lua-data/lua-language-server/meta/Lua%205.4%20en-us%20utf8/coroutine.lua
[16:46:31.838][info] [#0:script/workspace/loading.lua:100]: Preload file at: file:///Users/AlexandruDimian/.config/coc/extensions/coc-lua-data/lua-language-server/meta/Lua%205.4%20en-us%20utf8/debug.lua , size = 7.637 KB
[16:46:31.843][info] [#0:script/workspace/loading.lua:112]: ++++As library of:	file:///Users/AlexandruDimian/.config/coc/extensions/coc-lua-data/lua-language-server/meta/Lua%205.4%20en-us%20utf8/debug.lua
[16:46:31.843][info] [#0:script/workspace/loading.lua:97]: Skip loaded file: file:///Users/AlexandruDimian/.config/coc/extensions/coc-lua-data/lua-language-server/meta/Lua%205.4%20en-us%20utf8/debug.lua
[16:46:31.843][info] [#0:script/workspace/loading.lua:100]: Preload file at: file:///Users/AlexandruDimian/.config/coc/extensions/coc-lua-data/lua-language-server/meta/Lua%205.4%20en-us%20utf8/builtin.lua , size = 0.302 KB
[16:46:31.843][info] [#0:script/workspace/loading.lua:112]: ++++As library of:	file:///Users/AlexandruDimian/.config/coc/extensions/coc-lua-data/lua-language-server/meta/Lua%205.4%20en-us%20utf8/builtin.lua
[16:46:31.843][info] [#0:script/workspace/loading.lua:97]: Skip loaded file: file:///Users/AlexandruDimian/.config/coc/extensions/coc-lua-data/lua-language-server/meta/Lua%205.4%20en-us%20utf8/builtin.lua
[16:46:31.843][info] [#0:script/workspace/loading.lua:100]: Preload file at: file:///Users/AlexandruDimian/.config/coc/extensions/coc-lua-data/lua-language-server/meta/Lua%205.4%20en-us%20utf8/string.lua , size = 6.327 KB
[16:46:31.847][info] [#0:script/workspace/loading.lua:112]: ++++As library of:	file:///Users/AlexandruDimian/.config/coc/extensions/coc-lua-data/lua-language-server/meta/Lua%205.4%20en-us%20utf8/string.lua
[16:46:31.847][info] [#0:script/workspace/loading.lua:97]: Skip loaded file: file:///Users/AlexandruDimian/.config/coc/extensions/coc-lua-data/lua-language-server/meta/Lua%205.4%20en-us%20utf8/string.lua
[16:46:31.847][info] [#0:script/workspace/loading.lua:100]: Preload file at: file:///Users/AlexandruDimian/.config/coc/extensions/coc-lua-data/lua-language-server/meta/Lua%205.4%20en-us%20utf8/package.lua , size = 2.944 KB
[16:46:31.848][info] [#0:script/workspace/loading.lua:112]: ++++As library of:	file:///Users/AlexandruDimian/.config/coc/extensions/coc-lua-data/lua-language-server/meta/Lua%205.4%20en-us%20utf8/package.lua
[16:46:31.848][info] [#0:script/workspace/loading.lua:97]: Skip loaded file: file:///Users/AlexandruDimian/.config/coc/extensions/coc-lua-data/lua-language-server/meta/Lua%205.4%20en-us%20utf8/package.lua
[16:46:31.848][info] [#0:script/workspace/loading.lua:100]: Preload file at: file:///Users/AlexandruDimian/.config/coc/extensions/coc-lua-data/lua-language-server/meta/Lua%205.4%20en-us%20utf8/os.lua , size = 5.600 KB
[16:46:31.852][info] [#0:script/workspace/loading.lua:112]: ++++As library of:	file:///Users/AlexandruDimian/.config/coc/extensions/coc-lua-data/lua-language-server/meta/Lua%205.4%20en-us%20utf8/os.lua
[16:46:31.852][info] [#0:script/workspace/loading.lua:97]: Skip loaded file: file:///Users/AlexandruDimian/.config/coc/extensions/coc-lua-data/lua-language-server/meta/Lua%205.4%20en-us%20utf8/os.lua
[16:46:31.852][info] [#0:script/workspace/loading.lua:97]: Skip loaded file: file:///Users/AlexandruDimian/.config/coc/extensions/coc-lua-data/lua-language-server/meta/Lua%205.4%20en-us%20utf8/io.lua
[16:46:31.852][info] [#0:script/workspace/loading.lua:100]: Preload file at: file:///Users/AlexandruDimian/.config/coc/extensions/coc-lua-data/lua-language-server/meta/Lua%205.4%20en-us%20utf8/math.lua , size = 8.509 KB
[16:46:31.856][info] [#0:script/workspace/loading.lua:112]: ++++As library of:	file:///Users/AlexandruDimian/.config/coc/extensions/coc-lua-data/lua-language-server/meta/Lua%205.4%20en-us%20utf8/math.lua
[16:46:31.856][info] [#0:script/workspace/loading.lua:97]: Skip loaded file: file:///Users/AlexandruDimian/.config/coc/extensions/coc-lua-data/lua-language-server/meta/Lua%205.4%20en-us%20utf8/math.lua
[16:46:31.856][info] [#0:script/workspace/loading.lua:100]: Preload file at: file:///Users/AlexandruDimian/.config/coc/extensions/coc-lua-data/lua-language-server/meta/Lua%205.4%20en-us%20utf8/utf8.lua , size = 2.386 KB
[16:46:31.857][info] [#0:script/workspace/loading.lua:112]: ++++As library of:	file:///Users/AlexandruDimian/.config/coc/extensions/coc-lua-data/lua-language-server/meta/Lua%205.4%20en-us%20utf8/utf8.lua
[16:46:31.857][info] [#0:script/workspace/loading.lua:97]: Skip loaded file: file:///Users/AlexandruDimian/.config/coc/extensions/coc-lua-data/lua-language-server/meta/Lua%205.4%20en-us%20utf8/utf8.lua
[16:46:31.857][info] [#0:script/workspace/loading.lua:100]: Preload file at: file:///Users/AlexandruDimian/.config/coc/extensions/coc-lua-data/lua-language-server/meta/Lua%205.4%20en-us%20utf8/basic.lua , size = 15.621 KB
[16:46:31.864][info] [#0:script/workspace/loading.lua:112]: ++++As library of:	file:///Users/AlexandruDimian/.config/coc/extensions/coc-lua-data/lua-language-server/meta/Lua%205.4%20en-us%20utf8/basic.lua
[16:46:31.864][info] [#0:script/workspace/loading.lua:97]: Skip loaded file: file:///Users/AlexandruDimian/.config/coc/extensions/coc-lua-data/lua-language-server/meta/Lua%205.4%20en-us%20utf8/basic.lua
[16:46:31.864][info] [#0:script/workspace/loading.lua:100]: Preload file at: file:///Users/AlexandruDimian/.config/coc/extensions/coc-lua-data/lua-language-server/meta/Lua%205.4%20en-us%20utf8/table.lua , size = 4.235 KB
[16:46:31.866][info] [#0:script/workspace/loading.lua:112]: ++++As library of:	file:///Users/AlexandruDimian/.config/coc/extensions/coc-lua-data/lua-language-server/meta/Lua%205.4%20en-us%20utf8/table.lua
[16:46:31.866][info] [#0:script/workspace/loading.lua:97]: Skip loaded file: file:///Users/AlexandruDimian/.config/coc/extensions/coc-lua-data/lua-language-server/meta/Lua%205.4%20en-us%20utf8/table.lua
[16:46:31.971][info] [#0:script/workspace/loading.lua:172]: Loaded files takes [0.046] sec: file:///
[16:46:31.971][info] [#0:script/workspace/loading.lua:181]: Compile files takes [0.000] sec: file:///
[16:46:31.971][info] [#0:script/workspace/loading.lua:182]: Loaded finish:	file:///
[16:46:31.971][info] [#0:script/workspace/workspace.lua:381]: Preload finish at:	file:///
[16:46:31.977][info] [#0:script/workspace/loading.lua:172]: Loaded files takes [0.052] sec: <fallback>
[16:46:31.977][info] [#0:script/workspace/loading.lua:181]: Compile files takes [0.000] sec: <fallback>
[16:46:31.977][info] [#0:script/workspace/loading.lua:182]: Loaded finish:	<fallback>
[16:46:31.977][info] [#0:script/workspace/workspace.lua:381]: Preload finish at:	<fallback>
[16:46:31.980][info] [#0:script/provider/diagnostic.lua:560]: Diagnostics scope [file:///], files count:[12]
[16:46:32.017][info] [#0:script/provider/diagnostic.lua:577]: Diagnostics scope [file:///] finished, takes [0.037] sec.
